

Microchip MPLAB XC8 Assembler V2.31 build 20201012212115 
                                                                                               Mon Feb 22 19:01:00 2021

Microchip MPLAB XC8 C Compiler v2.31 (Free license) build 20201012212115 Og1 
     1                           	processor	16F887
     2                           	pagewidth 120
     3                           	opt	flic
     4                           	psect	cinit,global,class=CODE,merge=1,delta=2
     5                           	psect	bssCOMMON,global,class=COMMON,space=1,delta=1,noexec
     6                           	psect	cstackCOMMON,global,class=COMMON,space=1,delta=1,noexec
     7                           	psect	maintext,global,class=CODE,split=1,delta=2
     8                           	psect	text1,local,class=CODE,merge=1,delta=2
     9                           	psect	text2,local,class=CODE,merge=1,delta=2
    10                           	psect	text3,local,class=CODE,merge=1,delta=2
    11                           	psect	intentry,global,class=CODE,delta=2
    12                           	psect	text4,local,class=CODE,merge=1,delta=2
    13                           	psect	config,global,abs,ovrld,class=CONFIG,space=4,delta=2,noexec
    14                           	dabs	1,0x7E,2
    15  0000                     
    16                           ; Version 2.20
    17                           ; Generated 12/02/2020 GMT
    18                           ; 
    19                           ; Copyright © 2020, Microchip Technology Inc. and its subsidiaries ("Microchip")
    20                           ; All rights reserved.
    21                           ; 
    22                           ; This software is developed by Microchip Technology Inc. and its subsidiaries ("Microch
      +                          ip").
    23                           ; 
    24                           ; Redistribution and use in source and binary forms, with or without modification, are
    25                           ; permitted provided that the following conditions are met:
    26                           ; 
    27                           ;     1. Redistributions of source code must retain the above copyright notice, this lis
      +                          t of
    28                           ;        conditions and the following disclaimer.
    29                           ; 
    30                           ;     2. Redistributions in binary form must reproduce the above copyright notice, this 
      +                          list
    31                           ;        of conditions and the following disclaimer in the documentation and/or other
    32                           ;        materials provided with the distribution.
    33                           ; 
    34                           ;     3. Microchip's name may not be used to endorse or promote products derived from th
      +                          is
    35                           ;        software without specific prior written permission.
    36                           ; 
    37                           ; THIS SOFTWARE IS PROVIDED BY MICROCHIP "AS IS" AND ANY EXPRESS OR IMPLIED WARRANTIES,
    38                           ; INCLUDING, BUT NOT LIMITED TO, THE IMPLIED WARRANTIES OF MERCHANTABILITY AND FITNESS F
      +                          OR
    39                           ; PURPOSE ARE DISCLAIMED.  IN NO EVENT SHALL MICROCHIP BE LIABLE FOR ANY DIRECT, INDIREC
      +                          T,
    40                           ; INCIDENTAL, SPECIAL, EXEMPLARY, OR CONSEQUENTIAL DAMAGES (INCLUDING BUT NOT LIMITED TO
    41                           ; PROCUREMENT OF SUBSTITUTE GOODS OR SERVICES; LOSS OF USE, DATA OR PROFITS; OR BUSINESS
    42                           ; INTERRUPTION) HOWSOEVER CAUSED AND ON ANY THEORY OF LIABILITY, WHETHER IN CONTRACT, ST
      +                          RICT
    43                           ; LIABILITY, OR TORT (INCLUDING NEGLIGENCE OR OTHERWISE) ARISING IN ANY WAY OUT OF THE U
      +                          SE OF
    44                           ; THIS SOFTWARE, EVEN IF ADVISED OF THE POSSIBILITY OF SUCH DAMAGE.
    45                           ; 
    46                           ; 
    47                           ; Code-generator required, PIC16F887 Definitions
    48                           ; 
    49                           ; SFR Addresses
    50  0000                     	;# 
    51  0001                     	;# 
    52  0002                     	;# 
    53  0003                     	;# 
    54  0004                     	;# 
    55  0005                     	;# 
    56  0006                     	;# 
    57  0007                     	;# 
    58  0008                     	;# 
    59  0009                     	;# 
    60  000A                     	;# 
    61  000B                     	;# 
    62  000C                     	;# 
    63  000D                     	;# 
    64  000E                     	;# 
    65  000E                     	;# 
    66  000F                     	;# 
    67  0010                     	;# 
    68  0011                     	;# 
    69  0012                     	;# 
    70  0013                     	;# 
    71  0014                     	;# 
    72  0015                     	;# 
    73  0015                     	;# 
    74  0016                     	;# 
    75  0017                     	;# 
    76  0018                     	;# 
    77  0019                     	;# 
    78  001A                     	;# 
    79  001B                     	;# 
    80  001B                     	;# 
    81  001C                     	;# 
    82  001D                     	;# 
    83  001E                     	;# 
    84  001F                     	;# 
    85  0081                     	;# 
    86  0085                     	;# 
    87  0086                     	;# 
    88  0087                     	;# 
    89  0088                     	;# 
    90  0089                     	;# 
    91  008C                     	;# 
    92  008D                     	;# 
    93  008E                     	;# 
    94  008F                     	;# 
    95  0090                     	;# 
    96  0091                     	;# 
    97  0092                     	;# 
    98  0093                     	;# 
    99  0093                     	;# 
   100  0093                     	;# 
   101  0094                     	;# 
   102  0095                     	;# 
   103  0096                     	;# 
   104  0097                     	;# 
   105  0098                     	;# 
   106  0099                     	;# 
   107  009A                     	;# 
   108  009B                     	;# 
   109  009C                     	;# 
   110  009D                     	;# 
   111  009E                     	;# 
   112  009F                     	;# 
   113  0105                     	;# 
   114  0107                     	;# 
   115  0108                     	;# 
   116  0109                     	;# 
   117  010C                     	;# 
   118  010C                     	;# 
   119  010D                     	;# 
   120  010E                     	;# 
   121  010F                     	;# 
   122  0185                     	;# 
   123  0187                     	;# 
   124  0188                     	;# 
   125  0189                     	;# 
   126  018C                     	;# 
   127  018D                     	;# 
   128  0000                     	;# 
   129  0001                     	;# 
   130  0002                     	;# 
   131  0003                     	;# 
   132  0004                     	;# 
   133  0005                     	;# 
   134  0006                     	;# 
   135  0007                     	;# 
   136  0008                     	;# 
   137  0009                     	;# 
   138  000A                     	;# 
   139  000B                     	;# 
   140  000C                     	;# 
   141  000D                     	;# 
   142  000E                     	;# 
   143  000E                     	;# 
   144  000F                     	;# 
   145  0010                     	;# 
   146  0011                     	;# 
   147  0012                     	;# 
   148  0013                     	;# 
   149  0014                     	;# 
   150  0015                     	;# 
   151  0015                     	;# 
   152  0016                     	;# 
   153  0017                     	;# 
   154  0018                     	;# 
   155  0019                     	;# 
   156  001A                     	;# 
   157  001B                     	;# 
   158  001B                     	;# 
   159  001C                     	;# 
   160  001D                     	;# 
   161  001E                     	;# 
   162  001F                     	;# 
   163  0081                     	;# 
   164  0085                     	;# 
   165  0086                     	;# 
   166  0087                     	;# 
   167  0088                     	;# 
   168  0089                     	;# 
   169  008C                     	;# 
   170  008D                     	;# 
   171  008E                     	;# 
   172  008F                     	;# 
   173  0090                     	;# 
   174  0091                     	;# 
   175  0092                     	;# 
   176  0093                     	;# 
   177  0093                     	;# 
   178  0093                     	;# 
   179  0094                     	;# 
   180  0095                     	;# 
   181  0096                     	;# 
   182  0097                     	;# 
   183  0098                     	;# 
   184  0099                     	;# 
   185  009A                     	;# 
   186  009B                     	;# 
   187  009C                     	;# 
   188  009D                     	;# 
   189  009E                     	;# 
   190  009F                     	;# 
   191  0105                     	;# 
   192  0107                     	;# 
   193  0108                     	;# 
   194  0109                     	;# 
   195  010C                     	;# 
   196  010C                     	;# 
   197  010D                     	;# 
   198  010E                     	;# 
   199  010F                     	;# 
   200  0185                     	;# 
   201  0187                     	;# 
   202  0188                     	;# 
   203  0189                     	;# 
   204  018C                     	;# 
   205  018D                     	;# 
   206  0000                     	;# 
   207  0001                     	;# 
   208  0002                     	;# 
   209  0003                     	;# 
   210  0004                     	;# 
   211  0005                     	;# 
   212  0006                     	;# 
   213  0007                     	;# 
   214  0008                     	;# 
   215  0009                     	;# 
   216  000A                     	;# 
   217  000B                     	;# 
   218  000C                     	;# 
   219  000D                     	;# 
   220  000E                     	;# 
   221  000E                     	;# 
   222  000F                     	;# 
   223  0010                     	;# 
   224  0011                     	;# 
   225  0012                     	;# 
   226  0013                     	;# 
   227  0014                     	;# 
   228  0015                     	;# 
   229  0015                     	;# 
   230  0016                     	;# 
   231  0017                     	;# 
   232  0018                     	;# 
   233  0019                     	;# 
   234  001A                     	;# 
   235  001B                     	;# 
   236  001B                     	;# 
   237  001C                     	;# 
   238  001D                     	;# 
   239  001E                     	;# 
   240  001F                     	;# 
   241  0081                     	;# 
   242  0085                     	;# 
   243  0086                     	;# 
   244  0087                     	;# 
   245  0088                     	;# 
   246  0089                     	;# 
   247  008C                     	;# 
   248  008D                     	;# 
   249  008E                     	;# 
   250  008F                     	;# 
   251  0090                     	;# 
   252  0091                     	;# 
   253  0092                     	;# 
   254  0093                     	;# 
   255  0093                     	;# 
   256  0093                     	;# 
   257  0094                     	;# 
   258  0095                     	;# 
   259  0096                     	;# 
   260  0097                     	;# 
   261  0098                     	;# 
   262  0099                     	;# 
   263  009A                     	;# 
   264  009B                     	;# 
   265  009C                     	;# 
   266  009D                     	;# 
   267  009E                     	;# 
   268  009F                     	;# 
   269  0105                     	;# 
   270  0107                     	;# 
   271  0108                     	;# 
   272  0109                     	;# 
   273  010C                     	;# 
   274  010C                     	;# 
   275  010D                     	;# 
   276  010E                     	;# 
   277  010F                     	;# 
   278  0185                     	;# 
   279  0187                     	;# 
   280  0188                     	;# 
   281  0189                     	;# 
   282  018C                     	;# 
   283  018D                     	;# 
   284  0013                     _SSPBUF	set	19
   285  0014                     _SSPCON	set	20
   286  000C                     _PIR1bits	set	12
   287  000B                     _INTCONbits	set	11
   288  0005                     _PORTA	set	5
   289  0006                     _PORTB	set	6
   290  0009                     _PORTE	set	9
   291  0007                     _PORTC	set	7
   292  0005                     _PORTAbits	set	5
   293  0008                     _PORTD	set	8
   294  0063                     _SSPIF	set	99
   295  0094                     _SSPSTATbits	set	148
   296  0094                     _SSPSTAT	set	148
   297  0085                     _TRISAbits	set	133
   298  008C                     _PIE1bits	set	140
   299  0085                     _TRISA	set	133
   300  0086                     _TRISB	set	134
   301  0089                     _TRISE	set	137
   302  0088                     _TRISD	set	136
   303  0087                     _TRISC	set	135
   304  043B                     _TRISC3	set	1083
   305  043D                     _TRISC5	set	1085
   306  0189                     _ANSELH	set	393
   307  0188                     _ANSEL	set	392
   308                           
   309                           	psect	cinit
   310  000F                     start_initialization:	
   311                           ; #config settings
   312                           
   313  000F                     __initialization:
   314                           
   315                           ; Clear objects allocated to COMMON
   316  000F  01F7               	clrf	__pbssCOMMON& (0+127)
   317  0010  01F8               	clrf	(__pbssCOMMON+1)& (0+127)
   318  0011                     end_of_initialization:	
   319                           ;End of C runtime variable initialization code
   320                           
   321  0011                     __end_of__initialization:
   322  0011  0183               	clrf	3
   323  0012  120A  118A  2849   	ljmp	_main	;jump to C main() function
   324                           
   325                           	psect	bssCOMMON
   326  0077                     __pbssCOMMON:
   327  0077                     _contador:
   328  0077                     	ds	2
   329                           
   330                           	psect	cstackCOMMON
   331  0070                     __pcstackCOMMON:
   332  0070                     ?_spiWrite:
   333  0070                     ??_spiWrite:	
   334                           ; 1 bytes @ 0x0
   335                           
   336  0070                     ?_setup:	
   337                           ; 1 bytes @ 0x0
   338                           
   339  0070                     ?_isr:	
   340                           ; 1 bytes @ 0x0
   341                           
   342  0070                     ?_main:	
   343                           ; 1 bytes @ 0x0
   344                           
   345  0070                     spiWrite@dat:	
   346                           ; 1 bytes @ 0x0
   347                           
   348                           
   349                           ; 1 bytes @ 0x0
   350  0070                     	ds	1
   351  0071                     ??_isr:
   352                           
   353                           ; 1 bytes @ 0x1
   354  0071                     	ds	2
   355  0073                     ?_spiInit:
   356  0073                     spiInit@sDataSample:	
   357                           ; 1 bytes @ 0x3
   358                           
   359                           
   360                           ; 1 bytes @ 0x3
   361  0073                     	ds	1
   362  0074                     spiInit@sClockIdle:
   363                           
   364                           ; 1 bytes @ 0x4
   365  0074                     	ds	1
   366  0075                     spiInit@sTransmitEdge:
   367                           
   368                           ; 1 bytes @ 0x5
   369  0075                     	ds	1
   370  0076                     ??_spiInit:
   371  0076                     spiInit@sType:	
   372                           ; 1 bytes @ 0x6
   373                           
   374                           
   375                           ; 1 bytes @ 0x6
   376  0076                     	ds	1
   377  0077                     ??_setup:
   378  0077                     ??_main:	
   379                           ; 1 bytes @ 0x7
   380                           
   381                           
   382                           	psect	maintext
   383  0049                     __pmaintext:	
   384                           ; 1 bytes @ 0x7
   385 ;;
   386 ;;Main: autosize = 0, tempsize = 0, incstack = 0, save=0
   387 ;;
   388 ;; *************** function _main *****************
   389 ;; Defined at:
   390 ;;		line 58 in file "main.c"
   391 ;; Parameters:    Size  Location     Type
   392 ;;		None
   393 ;; Auto vars:     Size  Location     Type
   394 ;;		None
   395 ;; Return value:  Size  Location     Type
   396 ;;                  1    wreg      void 
   397 ;; Registers used:
   398 ;;		wreg, status,2, status,0, pclath, cstack
   399 ;; Tracked objects:
   400 ;;		On entry : B00/0
   401 ;;		On exit  : 0/0
   402 ;;		Unchanged: 0/0
   403 ;; Data sizes:     COMMON   BANK0   BANK1   BANK3   BANK2
   404 ;;      Params:         0       0       0       0       0
   405 ;;      Locals:         0       0       0       0       0
   406 ;;      Temps:          0       0       0       0       0
   407 ;;      Totals:         0       0       0       0       0
   408 ;;Total ram usage:        0 bytes
   409 ;; Hardware stack levels required when called:    4
   410 ;; This function calls:
   411 ;;		_setup
   412 ;; This function is called by:
   413 ;;		Startup code after reset
   414 ;; This function uses a non-reentrant model
   415 ;;
   416                           
   417                           
   418                           ;psect for function _main
   419  0049                     _main:
   420  0049                     l791:	
   421                           ;incstack = 0
   422                           ; Regs used in _main: [wreg+status,2+status,0+pclath+cstack]
   423                           
   424                           
   425                           ;main.c: 59:     TRISD = 0;
   426  0049  120A  118A  2015  120A  118A  	fcall	_setup
   427  004E                     l793:
   428                           
   429                           ;main.c: 62:     PORTE = 0;
   430  004E  1283               	bcf	3,5	;RP0=0, select bank0
   431  004F  1303               	bcf	3,6	;RP1=0, select bank0
   432  0050  1805               	btfsc	5,0	;volatile
   433  0051  2853               	goto	u91
   434  0052  2854               	goto	u90
   435  0053                     u91:
   436  0053  2862               	goto	l801
   437  0054                     u90:
   438  0054                     l57:	
   439                           ;main.c: 65:     TRISA = 0b00000011;
   440                           
   441                           
   442                           ;main.c: 63:     TRISB = 0;
   443  0054  1C05               	btfss	5,0	;volatile
   444  0055  2857               	goto	u101
   445  0056  2858               	goto	u100
   446  0057                     u101:
   447  0057  2854               	goto	l57
   448  0058                     u100:
   449  0058                     l797:
   450                           
   451                           ;main.c: 66:     PORTA = 0;
   452  0058  0877               	movf	_contador,w
   453  0059  3E01               	addlw	1
   454  005A  00F7               	movwf	_contador
   455  005B  0878               	movf	_contador+1,w
   456  005C  1803               	skipnc
   457  005D  3E01               	addlw	1
   458  005E  3E00               	addlw	0
   459  005F  00F8               	movwf	_contador+1
   460  0060                     l799:
   461                           
   462                           ;main.c: 67: 
   463  0060  0877               	movf	_contador,w
   464  0061  0088               	movwf	8	;volatile
   465  0062                     l801:
   466                           
   467                           ;main.c: 70:     INTCONbits.PEIE = 1;
   468  0062  1885               	btfsc	5,1	;volatile
   469  0063  2865               	goto	u111
   470  0064  2866               	goto	u110
   471  0065                     u111:
   472  0065  284E               	goto	l793
   473  0066                     u110:
   474  0066                     l61:	
   475                           ;main.c: 73:     TRISAbits.TRISA5 = 1;
   476                           
   477                           
   478                           ;main.c: 71:     PIR1bits.SSPIF = 0;
   479  0066  1C85               	btfss	5,1	;volatile
   480  0067  2869               	goto	u121
   481  0068  286A               	goto	u120
   482  0069                     u121:
   483  0069  2866               	goto	l61
   484  006A                     u120:
   485  006A                     l805:
   486                           
   487                           ;main.c: 74: 
   488  006A  0877               	movf	_contador,w
   489  006B  3EFF               	addlw	255
   490  006C  00F7               	movwf	_contador
   491  006D  0878               	movf	_contador+1,w
   492  006E  1803               	skipnc
   493  006F  3E01               	addlw	1
   494  0070  3EFF               	addlw	255
   495  0071  00F8               	movwf	_contador+1
   496  0072                     l807:
   497                           
   498                           ;main.c: 75:     spiInit(SPI_SLAVE_SS_EN, SPI_DATA_SAMPLE_MIDDLE, SPI_CLOCK_IDLE_LOW, SP
      +                          I_IDLE_2_ACTIVE);
   499  0072  0877               	movf	_contador,w
   500  0073  0088               	movwf	8	;volatile
   501  0074  284E               	goto	l793
   502  0075  120A  118A  280C   	ljmp	start
   503  0078                     __end_of_main:
   504                           
   505                           	psect	text1
   506  0015                     __ptext1:	
   507 ;; *************** function _setup *****************
   508 ;; Defined at:
   509 ;;		line 85 in file "main.c"
   510 ;; Parameters:    Size  Location     Type
   511 ;;		None
   512 ;; Auto vars:     Size  Location     Type
   513 ;;		None
   514 ;; Return value:  Size  Location     Type
   515 ;;                  1    wreg      void 
   516 ;; Registers used:
   517 ;;		wreg, status,2, status,0, pclath, cstack
   518 ;; Tracked objects:
   519 ;;		On entry : 0/0
   520 ;;		On exit  : 0/0
   521 ;;		Unchanged: 0/0
   522 ;; Data sizes:     COMMON   BANK0   BANK1   BANK3   BANK2
   523 ;;      Params:         0       0       0       0       0
   524 ;;      Locals:         0       0       0       0       0
   525 ;;      Temps:          0       0       0       0       0
   526 ;;      Totals:         0       0       0       0       0
   527 ;;Total ram usage:        0 bytes
   528 ;; Hardware stack levels used:    1
   529 ;; Hardware stack levels required when called:    3
   530 ;; This function calls:
   531 ;;		_spiInit
   532 ;; This function is called by:
   533 ;;		_main
   534 ;; This function uses a non-reentrant model
   535 ;;
   536                           
   537                           
   538                           ;psect for function _setup
   539  0015                     _setup:
   540  0015                     l773:	
   541                           ;incstack = 0
   542                           ; Regs used in _setup: [wreg+status,2+status,0+pclath+cstack]
   543                           
   544  0015  1683               	bsf	3,5	;RP0=1, select bank3
   545  0016  1703               	bsf	3,6	;RP1=1, select bank3
   546  0017  0188               	clrf	8	;volatile
   547  0018  0189               	clrf	9	;volatile
   548  0019  1683               	bsf	3,5	;RP0=1, select bank1
   549  001A  1303               	bcf	3,6	;RP1=0, select bank1
   550  001B  0187               	clrf	7	;volatile
   551  001C  1283               	bcf	3,5	;RP0=0, select bank0
   552  001D  1303               	bcf	3,6	;RP1=0, select bank0
   553  001E  0187               	clrf	7	;volatile
   554  001F  1683               	bsf	3,5	;RP0=1, select bank1
   555  0020  1303               	bcf	3,6	;RP1=0, select bank1
   556  0021  0188               	clrf	8	;volatile
   557  0022  1283               	bcf	3,5	;RP0=0, select bank0
   558  0023  1303               	bcf	3,6	;RP1=0, select bank0
   559  0024  0188               	clrf	8	;volatile
   560  0025  1683               	bsf	3,5	;RP0=1, select bank1
   561  0026  1303               	bcf	3,6	;RP1=0, select bank1
   562  0027  0189               	clrf	9	;volatile
   563  0028  1283               	bcf	3,5	;RP0=0, select bank0
   564  0029  1303               	bcf	3,6	;RP1=0, select bank0
   565  002A  0189               	clrf	9	;volatile
   566  002B  1683               	bsf	3,5	;RP0=1, select bank1
   567  002C  1303               	bcf	3,6	;RP1=0, select bank1
   568  002D  0186               	clrf	6	;volatile
   569  002E  1283               	bcf	3,5	;RP0=0, select bank0
   570  002F  1303               	bcf	3,6	;RP1=0, select bank0
   571  0030  0186               	clrf	6	;volatile
   572  0031                     l775:
   573  0031  3003               	movlw	3
   574  0032  1683               	bsf	3,5	;RP0=1, select bank1
   575  0033  1303               	bcf	3,6	;RP1=0, select bank1
   576  0034  0085               	movwf	5	;volatile
   577  0035                     l777:
   578  0035  1283               	bcf	3,5	;RP0=0, select bank0
   579  0036  1303               	bcf	3,6	;RP1=0, select bank0
   580  0037  0185               	clrf	5	;volatile
   581  0038                     l779:
   582  0038  178B               	bsf	11,7	;volatile
   583  0039                     l781:
   584  0039  170B               	bsf	11,6	;volatile
   585  003A                     l783:
   586  003A  118C               	bcf	12,3	;volatile
   587  003B                     l785:
   588  003B  1683               	bsf	3,5	;RP0=1, select bank1
   589  003C  1303               	bcf	3,6	;RP1=0, select bank1
   590  003D  158C               	bsf	12,3	;volatile
   591  003E                     l787:
   592  003E  1685               	bsf	5,5	;volatile
   593  003F                     l789:
   594  003F  01F3               	clrf	spiInit@sDataSample
   595  0040  01F4               	clrf	spiInit@sClockIdle
   596  0041  01F5               	clrf	spiInit@sTransmitEdge
   597  0042  3024               	movlw	36
   598  0043  120A  118A  2078  120A  118A  	fcall	_spiInit
   599  0048                     l69:
   600  0048  0008               	return
   601  0049                     __end_of_setup:
   602                           
   603                           	psect	text2
   604  0078                     __ptext2:	
   605 ;; *************** function _spiInit *****************
   606 ;; Defined at:
   607 ;;		line 14 in file "SPI_S2.c"
   608 ;; Parameters:    Size  Location     Type
   609 ;;  sType           1    wreg     enum E1264
   610 ;;  sDataSample     1    3[COMMON] enum E1272
   611 ;;  sClockIdle      1    4[COMMON] enum E1276
   612 ;;  sTransmitEdg    1    5[COMMON] enum E1280
   613 ;; Auto vars:     Size  Location     Type
   614 ;;  sType           1    6[COMMON] enum E1264
   615 ;; Return value:  Size  Location     Type
   616 ;;                  1    wreg      void 
   617 ;; Registers used:
   618 ;;		wreg, status,2, status,0
   619 ;; Tracked objects:
   620 ;;		On entry : 0/0
   621 ;;		On exit  : 0/0
   622 ;;		Unchanged: 0/0
   623 ;; Data sizes:     COMMON   BANK0   BANK1   BANK3   BANK2
   624 ;;      Params:         3       0       0       0       0
   625 ;;      Locals:         1       0       0       0       0
   626 ;;      Temps:          0       0       0       0       0
   627 ;;      Totals:         4       0       0       0       0
   628 ;;Total ram usage:        4 bytes
   629 ;; Hardware stack levels used:    1
   630 ;; Hardware stack levels required when called:    2
   631 ;; This function calls:
   632 ;;		Nothing
   633 ;; This function is called by:
   634 ;;		_setup
   635 ;; This function uses a non-reentrant model
   636 ;;
   637                           
   638                           
   639                           ;psect for function _spiInit
   640  0078                     _spiInit:
   641                           
   642                           ;incstack = 0
   643                           ; Regs used in _spiInit: [wreg+status,2+status,0]
   644                           ;spiInit@sType stored from wreg
   645  0078  00F6               	movwf	spiInit@sType
   646  0079                     l763:
   647                           
   648                           ;SPI_S2.c: 14: void spiInit(Spi_Type sType, Spi_Data_Sample sDataSample, Spi_Clock_Idle 
      +                          sClockIdle, Spi_Transmit_Edge sTransmitEdge);SPI_S2.c: 15: {;SPI_S2.c: 16:     TRISC5 = 
      +                          0;
   649  0079  1683               	bsf	3,5	;RP0=1, select bank1
   650  007A  1303               	bcf	3,6	;RP1=0, select bank1
   651  007B  1287               	bcf	7,5	;volatile
   652                           
   653                           ;SPI_S2.c: 17:     if(sType & 0b00000100)
   654  007C  1D76               	btfss	spiInit@sType,2
   655  007D  287F               	goto	u81
   656  007E  2880               	goto	u80
   657  007F                     u81:
   658  007F  2884               	goto	l769
   659  0080                     u80:
   660  0080                     l765:
   661                           
   662                           ;SPI_S2.c: 18:     {;SPI_S2.c: 19:         SSPSTAT = sTransmitEdge;
   663  0080  0875               	movf	spiInit@sTransmitEdge,w
   664  0081  0094               	movwf	20	;volatile
   665  0082                     l767:
   666                           
   667                           ;SPI_S2.c: 20:         TRISC3 = 1;
   668  0082  1587               	bsf	7,3	;volatile
   669                           
   670                           ;SPI_S2.c: 21:     }
   671  0083  2888               	goto	l85
   672  0084                     l769:
   673                           
   674                           ;SPI_S2.c: 23:     {;SPI_S2.c: 24:         SSPSTAT = sDataSample | sTransmitEdge;
   675  0084  0873               	movf	spiInit@sDataSample,w
   676  0085  0475               	iorwf	spiInit@sTransmitEdge,w
   677  0086  0094               	movwf	20	;volatile
   678  0087                     l771:
   679                           
   680                           ;SPI_S2.c: 25:         TRISC3 = 0;
   681  0087  1187               	bcf	7,3	;volatile
   682  0088                     l85:	
   683                           ;SPI_S2.c: 26:     }
   684                           
   685                           
   686                           ;SPI_S2.c: 28:     SSPCON = sType | sClockIdle;
   687  0088  0876               	movf	spiInit@sType,w
   688  0089  0474               	iorwf	spiInit@sClockIdle,w
   689  008A  1283               	bcf	3,5	;RP0=0, select bank0
   690  008B  1303               	bcf	3,6	;RP1=0, select bank0
   691  008C  0094               	movwf	20	;volatile
   692  008D                     l86:
   693  008D  0008               	return
   694  008E                     __end_of_spiInit:
   695                           
   696                           	psect	text3
   697  008E                     __ptext3:	
   698 ;; *************** function _isr *****************
   699 ;; Defined at:
   700 ;;		line 41 in file "main.c"
   701 ;; Parameters:    Size  Location     Type
   702 ;;		None
   703 ;; Auto vars:     Size  Location     Type
   704 ;;		None
   705 ;; Return value:  Size  Location     Type
   706 ;;                  1    wreg      void 
   707 ;; Registers used:
   708 ;;		wreg, status,2, status,0, pclath, cstack
   709 ;; Tracked objects:
   710 ;;		On entry : 0/0
   711 ;;		On exit  : 0/0
   712 ;;		Unchanged: 0/0
   713 ;; Data sizes:     COMMON   BANK0   BANK1   BANK3   BANK2
   714 ;;      Params:         0       0       0       0       0
   715 ;;      Locals:         0       0       0       0       0
   716 ;;      Temps:          2       0       0       0       0
   717 ;;      Totals:         2       0       0       0       0
   718 ;;Total ram usage:        2 bytes
   719 ;; Hardware stack levels used:    1
   720 ;; Hardware stack levels required when called:    1
   721 ;; This function calls:
   722 ;;		_spiWrite
   723 ;; This function is called by:
   724 ;;		Interrupt level 1
   725 ;; This function uses a non-reentrant model
   726 ;;
   727                           
   728                           
   729                           ;psect for function _isr
   730  008E                     _isr:
   731  008E                     i1l727:
   732                           
   733                           ;main.c: 42:                 }
   734  008E  1283               	bcf	3,5	;RP0=0, select bank0
   735  008F  1303               	bcf	3,6	;RP1=0, select bank0
   736  0090  1D8C               	btfss	12,3	;volatile
   737  0091  2893               	goto	u3_21
   738  0092  2894               	goto	u3_20
   739  0093                     u3_21:
   740  0093  289D               	goto	i1l50
   741  0094                     u3_20:
   742  0094                     i1l729:
   743                           
   744                           ;main.c: 44:                 PORTD = contador;
   745  0094  0808               	movf	8,w	;volatile
   746  0095  120A  118A  20A4  120A  118A  	fcall	_spiWrite
   747  009A                     i1l731:
   748                           
   749                           ;main.c: 45: 
   750  009A  1283               	bcf	3,5	;RP0=0, select bank0
   751  009B  1303               	bcf	3,6	;RP1=0, select bank0
   752  009C  118C               	bcf	12,3	;volatile
   753  009D                     i1l50:
   754  009D  0872               	movf	??_isr+1,w
   755  009E  008A               	movwf	10
   756  009F  0E71               	swapf	??_isr,w
   757  00A0  0083               	movwf	3
   758  00A1  0EFE               	swapf	btemp,f
   759  00A2  0E7E               	swapf	btemp,w
   760  00A3  0009               	retfie
   761  00A4                     __end_of_isr:
   762                           
   763                           	psect	intentry
   764  0004                     __pintentry:	
   765                           ;incstack = 0
   766                           ; Regs used in _isr: [wreg+status,2+status,0+pclath+cstack]
   767                           
   768  0004                     interrupt_function:
   769  007E                     saved_w	set	btemp
   770  0004  00FE               	movwf	btemp
   771  0005  0E03               	swapf	3,w
   772  0006  00F1               	movwf	??_isr
   773  0007  080A               	movf	10,w
   774  0008  00F2               	movwf	??_isr+1
   775  0009  120A  118A  288E   	ljmp	_isr
   776                           
   777                           	psect	text4
   778  00A4                     __ptext4:	
   779 ;; *************** function _spiWrite *****************
   780 ;; Defined at:
   781 ;;		line 36 in file "SPI_S2.c"
   782 ;; Parameters:    Size  Location     Type
   783 ;;  dat             1    wreg     unsigned char 
   784 ;; Auto vars:     Size  Location     Type
   785 ;;  dat             1    0[COMMON] unsigned char 
   786 ;; Return value:  Size  Location     Type
   787 ;;                  1    wreg      void 
   788 ;; Registers used:
   789 ;;		wreg
   790 ;; Tracked objects:
   791 ;;		On entry : 0/0
   792 ;;		On exit  : 0/0
   793 ;;		Unchanged: 0/0
   794 ;; Data sizes:     COMMON   BANK0   BANK1   BANK3   BANK2
   795 ;;      Params:         0       0       0       0       0
   796 ;;      Locals:         1       0       0       0       0
   797 ;;      Temps:          0       0       0       0       0
   798 ;;      Totals:         1       0       0       0       0
   799 ;;Total ram usage:        1 bytes
   800 ;; Hardware stack levels used:    1
   801 ;; This function calls:
   802 ;;		Nothing
   803 ;; This function is called by:
   804 ;;		_isr
   805 ;; This function uses a non-reentrant model
   806 ;;
   807                           
   808                           
   809                           ;psect for function _spiWrite
   810  00A4                     _spiWrite:
   811                           
   812                           ;incstack = 0
   813                           ; Regs used in _spiWrite: [wreg]
   814                           ;spiWrite@dat stored from wreg
   815  00A4  00F0               	movwf	spiWrite@dat
   816  00A5                     i1l705:
   817                           
   818                           ;SPI_S2.c: 36: void spiWrite(char dat);SPI_S2.c: 37: {;SPI_S2.c: 38:     SSPBUF = dat;
   819  00A5  0870               	movf	spiWrite@dat,w
   820  00A6  1283               	bcf	3,5	;RP0=0, select bank0
   821  00A7  1303               	bcf	3,6	;RP1=0, select bank0
   822  00A8  0093               	movwf	19	;volatile
   823  00A9                     i1l95:
   824  00A9  0008               	return
   825  00AA                     __end_of_spiWrite:
   826  007E                     btemp	set	126	;btemp
   827  007E                     wtemp0	set	126
   828                           
   829                           	psect	config
   830                           
   831                           ;Config register CONFIG1 @ 0x2007
   832                           ;	Oscillator Selection bits
   833                           ;	FOSC = HS, HS oscillator: High-speed crystal/resonator on RA6/OSC2/CLKOUT and RA7/OSC1
      +                          /CLKIN
   834                           ;	Watchdog Timer Enable bit
   835                           ;	WDTE = OFF, WDT disabled and can be enabled by SWDTEN bit of the WDTCON register
   836                           ;	Power-up Timer Enable bit
   837                           ;	PWRTE = OFF, PWRT disabled
   838                           ;	RE3/MCLR pin function select bit
   839                           ;	MCLRE = OFF, RE3/MCLR pin function is digital input, MCLR internally tied to VDD
   840                           ;	Code Protection bit
   841                           ;	CP = OFF, Program memory code protection is disabled
   842                           ;	Data Code Protection bit
   843                           ;	CPD = OFF, Data memory code protection is disabled
   844                           ;	Brown Out Reset Selection bits
   845                           ;	BOREN = ON, BOR enabled
   846                           ;	Internal External Switchover bit
   847                           ;	IESO = OFF, Internal/External Switchover mode is disabled
   848                           ;	Fail-Safe Clock Monitor Enabled bit
   849                           ;	FCMEN = OFF, Fail-Safe Clock Monitor is disabled
   850                           ;	Low Voltage Programming Enable bit
   851                           ;	LVP = OFF, RB3 pin has digital I/O, HV on MCLR must be used for programming
   852                           ;	In-Circuit Debugger Mode bit
   853                           ;	DEBUG = 0x1, unprogrammed default
   854  2007                     	org	8199
   855  2007  23D2               	dw	9170
   856                           
   857                           ;Config register CONFIG2 @ 0x2008
   858                           ;	Brown-out Reset Selection bit
   859                           ;	BOR4V = BOR40V, Brown-out Reset set to 4.0V
   860                           ;	Flash Program Memory Self Write Enable bits
   861                           ;	WRT = OFF, Write protection off
   862  2008                     	org	8200
   863  2008  3FFF               	dw	16383

Data Sizes:
    Strings     0
    Constant    0
    Data        0
    BSS         2
    Persistent  0
    Stack       0

Auto Spaces:
    Space          Size  Autos    Used
    COMMON           14      7       9
    BANK0            80      0       0
    BANK1            80      0       0
    BANK3            96      0       0
    BANK2            96      0       0

Pointer List with Targets:

    None.

Critical Paths under _main in COMMON

    _setup->_spiInit

Critical Paths under _isr in COMMON

    _isr->_spiWrite

Critical Paths under _main in BANK0

    None.

Critical Paths under _isr in BANK0

    None.

Critical Paths under _main in BANK1

    None.

Critical Paths under _isr in BANK1

    None.

Critical Paths under _main in BANK3

    None.

Critical Paths under _isr in BANK3

    None.

Critical Paths under _main in BANK2

    None.

Critical Paths under _isr in BANK2

    None.

Call Graph Tables:

 ---------------------------------------------------------------------------------
 (Depth) Function   	        Calls       Base Space   Used Autos Params    Refs
 ---------------------------------------------------------------------------------
 (0) _main                                                 0     0      0     360
                              _setup
 ---------------------------------------------------------------------------------
 (1) _setup                                                0     0      0     360
                            _spiInit
 ---------------------------------------------------------------------------------
 (2) _spiInit                                              4     1      3     360
                                              3 COMMON     4     1      3
 ---------------------------------------------------------------------------------
 Estimated maximum stack depth 2
 ---------------------------------------------------------------------------------
 (Depth) Function   	        Calls       Base Space   Used Autos Params    Refs
 ---------------------------------------------------------------------------------
 (3) _isr                                                  2     2      0      15
                                              1 COMMON     2     2      0
                           _spiWrite
 ---------------------------------------------------------------------------------
 (4) _spiWrite                                             1     1      0      15
                                              0 COMMON     1     1      0
 ---------------------------------------------------------------------------------
 Estimated maximum stack depth 4
 ---------------------------------------------------------------------------------

 Call Graph Graphs:

 _main (ROOT)
   _setup
     _spiInit

 _isr (ROOT)
   _spiWrite

 Address spaces:
Name               Size   Autos  Total    Cost      Usage
BITCOMMON            E      0       0       0        0.0%
EEDATA             100      0       0       0        0.0%
NULL                 0      0       0       0        0.0%
CODE                 0      0       0       0        0.0%
COMMON               E      7       9       1       64.3%
BITSFR0              0      0       0       1        0.0%
SFR0                 0      0       0       1        0.0%
BITSFR1              0      0       0       2        0.0%
SFR1                 0      0       0       2        0.0%
STACK                0      0       0       2        0.0%
ABS                  0      0       9       3        0.0%
BITBANK0            50      0       0       4        0.0%
BITSFR3              0      0       0       4        0.0%
SFR3                 0      0       0       4        0.0%
BANK0               50      0       0       5        0.0%
BITSFR2              0      0       0       5        0.0%
SFR2                 0      0       0       5        0.0%
BITBANK1            50      0       0       6        0.0%
BANK1               50      0       0       7        0.0%
BITBANK3            60      0       0       8        0.0%
BANK3               60      0       0       9        0.0%
BITBANK2            60      0       0      10        0.0%
BANK2               60      0       0      11        0.0%
DATA                 0      0       9      12        0.0%


Microchip Technology PIC Macro Assembler V2.31 build 20201012212115 
Symbol Table                                                                                   Mon Feb 22 19:01:00 2021

            _SSPSTATbits 0094                       l61 0066                       l57 0054  
                     l85 0088                       l69 0048                       l86 008D  
                     u80 0080                       u81 007F                       u90 0054  
                     u91 0053                      l801 0062                      l805 006A  
                    l807 0072                      l771 0087                      l763 0079  
                    l765 0080                      l781 0039                      l773 0015  
                    l767 0082                      l783 003A                      l775 0031  
                    l791 0049                      l769 0084                      l785 003B  
                    l777 0035                      l793 004E                      l787 003E  
                    l779 0038                      l789 003F                      l797 0058  
                    l799 0060                      u100 0058                      u101 0057  
                    u110 0066                      u111 0065                      u120 006A  
                    u121 0069                      _isr 008E                     ?_isr 0070  
                   i1l50 009D                     i1l95 00A9                     u3_20 0094  
                   u3_21 0093                     _main 0049                     btemp 007E  
                   start 000C                    ??_isr 0071                    ?_main 0070  
                  _ANSEL 0188                    i1l705 00A5                    i1l731 009A  
                  i1l727 008E                    i1l729 0094                    _PORTA 0005  
                  _PORTB 0006                    _PORTC 0007                    _PORTD 0008  
                  _PORTE 0009                    _TRISA 0085                    _TRISB 0086  
                  _TRISC 0087                    _TRISD 0088                    _TRISE 0089  
                  _SSPIF 0063                    _setup 0015                    pclath 000A  
        __end_of_spiInit 008E                    status 0003                    wtemp0 007E  
        __initialization 000F             __end_of_main 0078                   ??_main 0077  
                 ?_setup 0070                   _ANSELH 0189                   _TRISC3 043B  
                 _TRISC5 043D                   _SSPCON 0014                   _SSPBUF 0013  
                 saved_w 007E         __end_of_spiWrite 00AA                ??_spiInit 0076  
__end_of__initialization 0011           __pcstackCOMMON 0070            __end_of_setup 0049  
                ??_setup 0077               __pmaintext 0049               __pintentry 0004  
                _SSPSTAT 0094                ?_spiWrite 0070                  __ptext1 0015  
                __ptext2 0078                  __ptext3 008E                  __ptext4 00A4  
           __size_of_isr 0016                  _spiInit 0078     end_of_initialization 0011  
             ??_spiWrite 0070                _PORTAbits 0005                _TRISAbits 0085  
            spiWrite@dat 0070      start_initialization 000F              __end_of_isr 00A4  
            __pbssCOMMON 0077                ___latbits 0002        __size_of_spiWrite 0006  
               ?_spiInit 0073           __size_of_setup 0034     spiInit@sTransmitEdge 0075  
      interrupt_function 0004                 _PIE1bits 008C       spiInit@sDataSample 0073  
               _PIR1bits 000C         __size_of_spiInit 0016                 _contador 0077  
          __size_of_main 002F                 _spiWrite 00A4             spiInit@sType 0076  
      spiInit@sClockIdle 0074               _INTCONbits 000B                 intlevel1 0000  
