

Microchip MPLAB XC8 Assembler V2.31 build 20201012212115 
                                                                                               Tue Feb 23 02:02:28 2021

Microchip MPLAB XC8 C Compiler v2.31 (Free license) build 20201012212115 Og1 
     1                           	processor	16F887
     2                           	pagewidth 120
     3                           	opt	flic
     4                           	psect	cinit,global,class=CODE,merge=1,delta=2
     5                           	psect	bssCOMMON,global,class=COMMON,space=1,delta=1,noexec
     6                           	psect	cstackCOMMON,global,class=COMMON,space=1,delta=1,noexec
     7                           	psect	maintext,global,class=CODE,split=1,delta=2
     8                           	psect	text1,local,class=CODE,merge=1,delta=2
     9                           	psect	text2,local,class=CODE,merge=1,delta=2
    10                           	psect	text3,local,class=CODE,merge=1,delta=2
    11                           	psect	intentry,global,class=CODE,delta=2
    12                           	psect	text4,local,class=CODE,merge=1,delta=2
    13                           	psect	config,global,abs,ovrld,class=CONFIG,space=4,delta=2,noexec
    14                           	dabs	1,0x7E,2
    15  0000                     
    16                           ; Version 2.20
    17                           ; Generated 12/02/2020 GMT
    18                           ; 
    19                           ; Copyright © 2020, Microchip Technology Inc. and its subsidiaries ("Microchip")
    20                           ; All rights reserved.
    21                           ; 
    22                           ; This software is developed by Microchip Technology Inc. and its subsidiaries ("Microch
      +                          ip").
    23                           ; 
    24                           ; Redistribution and use in source and binary forms, with or without modification, are
    25                           ; permitted provided that the following conditions are met:
    26                           ; 
    27                           ;     1. Redistributions of source code must retain the above copyright notice, this lis
      +                          t of
    28                           ;        conditions and the following disclaimer.
    29                           ; 
    30                           ;     2. Redistributions in binary form must reproduce the above copyright notice, this 
      +                          list
    31                           ;        of conditions and the following disclaimer in the documentation and/or other
    32                           ;        materials provided with the distribution.
    33                           ; 
    34                           ;     3. Microchip's name may not be used to endorse or promote products derived from th
      +                          is
    35                           ;        software without specific prior written permission.
    36                           ; 
    37                           ; THIS SOFTWARE IS PROVIDED BY MICROCHIP "AS IS" AND ANY EXPRESS OR IMPLIED WARRANTIES,
    38                           ; INCLUDING, BUT NOT LIMITED TO, THE IMPLIED WARRANTIES OF MERCHANTABILITY AND FITNESS F
      +                          OR
    39                           ; PURPOSE ARE DISCLAIMED.  IN NO EVENT SHALL MICROCHIP BE LIABLE FOR ANY DIRECT, INDIREC
      +                          T,
    40                           ; INCIDENTAL, SPECIAL, EXEMPLARY, OR CONSEQUENTIAL DAMAGES (INCLUDING BUT NOT LIMITED TO
    41                           ; PROCUREMENT OF SUBSTITUTE GOODS OR SERVICES; LOSS OF USE, DATA OR PROFITS; OR BUSINESS
    42                           ; INTERRUPTION) HOWSOEVER CAUSED AND ON ANY THEORY OF LIABILITY, WHETHER IN CONTRACT, ST
      +                          RICT
    43                           ; LIABILITY, OR TORT (INCLUDING NEGLIGENCE OR OTHERWISE) ARISING IN ANY WAY OUT OF THE U
      +                          SE OF
    44                           ; THIS SOFTWARE, EVEN IF ADVISED OF THE POSSIBILITY OF SUCH DAMAGE.
    45                           ; 
    46                           ; 
    47                           ; Code-generator required, PIC16F887 Definitions
    48                           ; 
    49                           ; SFR Addresses
    50  0000                     	;# 
    51  0001                     	;# 
    52  0002                     	;# 
    53  0003                     	;# 
    54  0004                     	;# 
    55  0005                     	;# 
    56  0006                     	;# 
    57  0007                     	;# 
    58  0008                     	;# 
    59  0009                     	;# 
    60  000A                     	;# 
    61  000B                     	;# 
    62  000C                     	;# 
    63  000D                     	;# 
    64  000E                     	;# 
    65  000E                     	;# 
    66  000F                     	;# 
    67  0010                     	;# 
    68  0011                     	;# 
    69  0012                     	;# 
    70  0013                     	;# 
    71  0014                     	;# 
    72  0015                     	;# 
    73  0015                     	;# 
    74  0016                     	;# 
    75  0017                     	;# 
    76  0018                     	;# 
    77  0019                     	;# 
    78  001A                     	;# 
    79  001B                     	;# 
    80  001B                     	;# 
    81  001C                     	;# 
    82  001D                     	;# 
    83  001E                     	;# 
    84  001F                     	;# 
    85  0081                     	;# 
    86  0085                     	;# 
    87  0086                     	;# 
    88  0087                     	;# 
    89  0088                     	;# 
    90  0089                     	;# 
    91  008C                     	;# 
    92  008D                     	;# 
    93  008E                     	;# 
    94  008F                     	;# 
    95  0090                     	;# 
    96  0091                     	;# 
    97  0092                     	;# 
    98  0093                     	;# 
    99  0093                     	;# 
   100  0093                     	;# 
   101  0094                     	;# 
   102  0095                     	;# 
   103  0096                     	;# 
   104  0097                     	;# 
   105  0098                     	;# 
   106  0099                     	;# 
   107  009A                     	;# 
   108  009B                     	;# 
   109  009C                     	;# 
   110  009D                     	;# 
   111  009E                     	;# 
   112  009F                     	;# 
   113  0105                     	;# 
   114  0107                     	;# 
   115  0108                     	;# 
   116  0109                     	;# 
   117  010C                     	;# 
   118  010C                     	;# 
   119  010D                     	;# 
   120  010E                     	;# 
   121  010F                     	;# 
   122  0185                     	;# 
   123  0187                     	;# 
   124  0188                     	;# 
   125  0189                     	;# 
   126  018C                     	;# 
   127  018D                     	;# 
   128  0000                     	;# 
   129  0001                     	;# 
   130  0002                     	;# 
   131  0003                     	;# 
   132  0004                     	;# 
   133  0005                     	;# 
   134  0006                     	;# 
   135  0007                     	;# 
   136  0008                     	;# 
   137  0009                     	;# 
   138  000A                     	;# 
   139  000B                     	;# 
   140  000C                     	;# 
   141  000D                     	;# 
   142  000E                     	;# 
   143  000E                     	;# 
   144  000F                     	;# 
   145  0010                     	;# 
   146  0011                     	;# 
   147  0012                     	;# 
   148  0013                     	;# 
   149  0014                     	;# 
   150  0015                     	;# 
   151  0015                     	;# 
   152  0016                     	;# 
   153  0017                     	;# 
   154  0018                     	;# 
   155  0019                     	;# 
   156  001A                     	;# 
   157  001B                     	;# 
   158  001B                     	;# 
   159  001C                     	;# 
   160  001D                     	;# 
   161  001E                     	;# 
   162  001F                     	;# 
   163  0081                     	;# 
   164  0085                     	;# 
   165  0086                     	;# 
   166  0087                     	;# 
   167  0088                     	;# 
   168  0089                     	;# 
   169  008C                     	;# 
   170  008D                     	;# 
   171  008E                     	;# 
   172  008F                     	;# 
   173  0090                     	;# 
   174  0091                     	;# 
   175  0092                     	;# 
   176  0093                     	;# 
   177  0093                     	;# 
   178  0093                     	;# 
   179  0094                     	;# 
   180  0095                     	;# 
   181  0096                     	;# 
   182  0097                     	;# 
   183  0098                     	;# 
   184  0099                     	;# 
   185  009A                     	;# 
   186  009B                     	;# 
   187  009C                     	;# 
   188  009D                     	;# 
   189  009E                     	;# 
   190  009F                     	;# 
   191  0105                     	;# 
   192  0107                     	;# 
   193  0108                     	;# 
   194  0109                     	;# 
   195  010C                     	;# 
   196  010C                     	;# 
   197  010D                     	;# 
   198  010E                     	;# 
   199  010F                     	;# 
   200  0185                     	;# 
   201  0187                     	;# 
   202  0188                     	;# 
   203  0189                     	;# 
   204  018C                     	;# 
   205  018D                     	;# 
   206  0000                     	;# 
   207  0001                     	;# 
   208  0002                     	;# 
   209  0003                     	;# 
   210  0004                     	;# 
   211  0005                     	;# 
   212  0006                     	;# 
   213  0007                     	;# 
   214  0008                     	;# 
   215  0009                     	;# 
   216  000A                     	;# 
   217  000B                     	;# 
   218  000C                     	;# 
   219  000D                     	;# 
   220  000E                     	;# 
   221  000E                     	;# 
   222  000F                     	;# 
   223  0010                     	;# 
   224  0011                     	;# 
   225  0012                     	;# 
   226  0013                     	;# 
   227  0014                     	;# 
   228  0015                     	;# 
   229  0015                     	;# 
   230  0016                     	;# 
   231  0017                     	;# 
   232  0018                     	;# 
   233  0019                     	;# 
   234  001A                     	;# 
   235  001B                     	;# 
   236  001B                     	;# 
   237  001C                     	;# 
   238  001D                     	;# 
   239  001E                     	;# 
   240  001F                     	;# 
   241  0081                     	;# 
   242  0085                     	;# 
   243  0086                     	;# 
   244  0087                     	;# 
   245  0088                     	;# 
   246  0089                     	;# 
   247  008C                     	;# 
   248  008D                     	;# 
   249  008E                     	;# 
   250  008F                     	;# 
   251  0090                     	;# 
   252  0091                     	;# 
   253  0092                     	;# 
   254  0093                     	;# 
   255  0093                     	;# 
   256  0093                     	;# 
   257  0094                     	;# 
   258  0095                     	;# 
   259  0096                     	;# 
   260  0097                     	;# 
   261  0098                     	;# 
   262  0099                     	;# 
   263  009A                     	;# 
   264  009B                     	;# 
   265  009C                     	;# 
   266  009D                     	;# 
   267  009E                     	;# 
   268  009F                     	;# 
   269  0105                     	;# 
   270  0107                     	;# 
   271  0108                     	;# 
   272  0109                     	;# 
   273  010C                     	;# 
   274  010C                     	;# 
   275  010D                     	;# 
   276  010E                     	;# 
   277  010F                     	;# 
   278  0185                     	;# 
   279  0187                     	;# 
   280  0188                     	;# 
   281  0189                     	;# 
   282  018C                     	;# 
   283  018D                     	;# 
   284  0013                     _SSPBUF	set	19
   285  0014                     _SSPCON	set	20
   286  000C                     _PIR1bits	set	12
   287  000B                     _INTCONbits	set	11
   288  0009                     _PORTE	set	9
   289  0006                     _PORTB	set	6
   290  0005                     _PORTA	set	5
   291  0008                     _PORTD	set	8
   292  0009                     _PORTEbits	set	9
   293  0063                     _SSPIF	set	99
   294  0094                     _SSPSTATbits	set	148
   295  0094                     _SSPSTAT	set	148
   296  0085                     _TRISAbits	set	133
   297  008C                     _PIE1bits	set	140
   298  0088                     _TRISD	set	136
   299  0089                     _TRISEbits	set	137
   300  0086                     _TRISB	set	134
   301  0085                     _TRISA	set	133
   302  043B                     _TRISC3	set	1083
   303  043D                     _TRISC5	set	1085
   304  0189                     _ANSELH	set	393
   305  0188                     _ANSEL	set	392
   306                           
   307                           	psect	cinit
   308  000F                     start_initialization:	
   309                           ; #config settings
   310                           
   311  000F                     __initialization:
   312                           
   313                           ; Clear objects allocated to COMMON
   314  000F  01F7               	clrf	__pbssCOMMON& (0+127)
   315  0010  01F8               	clrf	(__pbssCOMMON+1)& (0+127)
   316  0011                     end_of_initialization:	
   317                           ;End of C runtime variable initialization code
   318                           
   319  0011                     __end_of__initialization:
   320  0011  0183               	clrf	3
   321  0012  120A  118A  2815   	ljmp	_main	;jump to C main() function
   322                           
   323                           	psect	bssCOMMON
   324  0077                     __pbssCOMMON:
   325  0077                     _contador:
   326  0077                     	ds	2
   327                           
   328                           	psect	cstackCOMMON
   329  0070                     __pcstackCOMMON:
   330  0070                     ?_spiWrite:
   331  0070                     ??_spiWrite:	
   332                           ; 1 bytes @ 0x0
   333                           
   334  0070                     ?_setup:	
   335                           ; 1 bytes @ 0x0
   336                           
   337  0070                     ?_isr:	
   338                           ; 1 bytes @ 0x0
   339                           
   340  0070                     ?_main:	
   341                           ; 1 bytes @ 0x0
   342                           
   343  0070                     spiWrite@dat:	
   344                           ; 1 bytes @ 0x0
   345                           
   346                           
   347                           ; 1 bytes @ 0x0
   348  0070                     	ds	1
   349  0071                     ??_isr:
   350                           
   351                           ; 1 bytes @ 0x1
   352  0071                     	ds	2
   353  0073                     ?_spiInit:
   354  0073                     spiInit@sDataSample:	
   355                           ; 1 bytes @ 0x3
   356                           
   357                           
   358                           ; 1 bytes @ 0x3
   359  0073                     	ds	1
   360  0074                     spiInit@sClockIdle:
   361                           
   362                           ; 1 bytes @ 0x4
   363  0074                     	ds	1
   364  0075                     spiInit@sTransmitEdge:
   365                           
   366                           ; 1 bytes @ 0x5
   367  0075                     	ds	1
   368  0076                     ??_spiInit:
   369  0076                     spiInit@sType:	
   370                           ; 1 bytes @ 0x6
   371                           
   372                           
   373                           ; 1 bytes @ 0x6
   374  0076                     	ds	1
   375  0077                     ??_setup:
   376  0077                     ??_main:	
   377                           ; 1 bytes @ 0x7
   378                           
   379                           
   380                           	psect	maintext
   381  0015                     __pmaintext:	
   382                           ; 1 bytes @ 0x7
   383 ;;
   384 ;;Main: autosize = 0, tempsize = 0, incstack = 0, save=0
   385 ;;
   386 ;; *************** function _main *****************
   387 ;; Defined at:
   388 ;;		line 59 in file "main.c"
   389 ;; Parameters:    Size  Location     Type
   390 ;;		None
   391 ;; Auto vars:     Size  Location     Type
   392 ;;		None
   393 ;; Return value:  Size  Location     Type
   394 ;;                  1    wreg      void 
   395 ;; Registers used:
   396 ;;		wreg, status,2, status,0, pclath, cstack
   397 ;; Tracked objects:
   398 ;;		On entry : B00/0
   399 ;;		On exit  : 0/0
   400 ;;		Unchanged: 0/0
   401 ;; Data sizes:     COMMON   BANK0   BANK1   BANK3   BANK2
   402 ;;      Params:         0       0       0       0       0
   403 ;;      Locals:         0       0       0       0       0
   404 ;;      Temps:          0       0       0       0       0
   405 ;;      Totals:         0       0       0       0       0
   406 ;;Total ram usage:        0 bytes
   407 ;; Hardware stack levels required when called:    4
   408 ;; This function calls:
   409 ;;		_setup
   410 ;; This function is called by:
   411 ;;		Startup code after reset
   412 ;; This function uses a non-reentrant model
   413 ;;
   414                           
   415                           
   416                           ;psect for function _main
   417  0015                     _main:
   418  0015                     l815:	
   419                           ;incstack = 0
   420                           ; Regs used in _main: [wreg+status,2+status,0+pclath+cstack]
   421                           
   422                           
   423                           ;main.c: 60:     TRISEbits.TRISE1 = 1;
   424  0015  120A  118A  2044  120A  118A  	fcall	_setup
   425  001A                     l817:
   426                           
   427                           ;main.c: 63: 
   428  001A  1283               	bcf	3,5	;RP0=0, select bank0
   429  001B  1303               	bcf	3,6	;RP1=0, select bank0
   430  001C  1809               	btfsc	9,0	;volatile
   431  001D  281F               	goto	u91
   432  001E  2820               	goto	u90
   433  001F                     u91:
   434  001F  282E               	goto	l825
   435  0020                     u90:
   436  0020                     l53:	
   437                           ;main.c: 66:     PORTD = 0;
   438                           
   439                           
   440                           ;main.c: 64:     PORTA = 0;
   441  0020  1C09               	btfss	9,0	;volatile
   442  0021  2823               	goto	u101
   443  0022  2824               	goto	u100
   444  0023                     u101:
   445  0023  2820               	goto	l53
   446  0024                     u100:
   447  0024                     l821:
   448                           
   449                           ;main.c: 67:     PORTE = 0;
   450  0024  0877               	movf	_contador,w
   451  0025  3E01               	addlw	1
   452  0026  00F7               	movwf	_contador
   453  0027  0878               	movf	_contador+1,w
   454  0028  1803               	skipnc
   455  0029  3E01               	addlw	1
   456  002A  3E00               	addlw	0
   457  002B  00F8               	movwf	_contador+1
   458  002C                     l823:
   459                           
   460                           ;main.c: 68: 
   461  002C  0877               	movf	_contador,w
   462  002D  0088               	movwf	8	;volatile
   463  002E                     l825:
   464                           
   465                           ;main.c: 71:     INTCONbits.GIE = 1;
   466  002E  1889               	btfsc	9,1	;volatile
   467  002F  2831               	goto	u111
   468  0030  2832               	goto	u110
   469  0031                     u111:
   470  0031  281A               	goto	l817
   471  0032                     u110:
   472  0032                     l57:	
   473                           ;main.c: 74:     PIE1bits.SSPIE = 1;
   474                           
   475                           
   476                           ;main.c: 72:     INTCONbits.PEIE = 1;
   477  0032  1C89               	btfss	9,1	;volatile
   478  0033  2835               	goto	u121
   479  0034  2836               	goto	u120
   480  0035                     u121:
   481  0035  2832               	goto	l57
   482  0036                     u120:
   483  0036                     l829:
   484                           
   485                           ;main.c: 75:     TRISAbits.TRISA5 = 1;
   486  0036  0877               	movf	_contador,w
   487  0037  3EFF               	addlw	255
   488  0038  00F7               	movwf	_contador
   489  0039  0878               	movf	_contador+1,w
   490  003A  1803               	skipnc
   491  003B  3E01               	addlw	1
   492  003C  3EFF               	addlw	255
   493  003D  00F8               	movwf	_contador+1
   494  003E                     l831:
   495                           
   496                           ;main.c: 76: 
   497  003E  0877               	movf	_contador,w
   498  003F  0088               	movwf	8	;volatile
   499  0040  281A               	goto	l817
   500  0041  120A  118A  280C   	ljmp	start
   501  0044                     __end_of_main:
   502                           
   503                           	psect	text1
   504  0044                     __ptext1:	
   505 ;; *************** function _setup *****************
   506 ;; Defined at:
   507 ;;		line 86 in file "main.c"
   508 ;; Parameters:    Size  Location     Type
   509 ;;		None
   510 ;; Auto vars:     Size  Location     Type
   511 ;;		None
   512 ;; Return value:  Size  Location     Type
   513 ;;                  1    wreg      void 
   514 ;; Registers used:
   515 ;;		wreg, status,2, status,0, pclath, cstack
   516 ;; Tracked objects:
   517 ;;		On entry : 0/0
   518 ;;		On exit  : 0/0
   519 ;;		Unchanged: 0/0
   520 ;; Data sizes:     COMMON   BANK0   BANK1   BANK3   BANK2
   521 ;;      Params:         0       0       0       0       0
   522 ;;      Locals:         0       0       0       0       0
   523 ;;      Temps:          0       0       0       0       0
   524 ;;      Totals:         0       0       0       0       0
   525 ;;Total ram usage:        0 bytes
   526 ;; Hardware stack levels used:    1
   527 ;; Hardware stack levels required when called:    3
   528 ;; This function calls:
   529 ;;		_spiInit
   530 ;; This function is called by:
   531 ;;		_main
   532 ;; This function uses a non-reentrant model
   533 ;;
   534                           
   535                           
   536                           ;psect for function _setup
   537  0044                     _setup:
   538  0044                     l783:	
   539                           ;incstack = 0
   540                           ; Regs used in _setup: [wreg+status,2+status,0+pclath+cstack]
   541                           
   542  0044  1683               	bsf	3,5	;RP0=1, select bank3
   543  0045  1703               	bsf	3,6	;RP1=1, select bank3
   544  0046  0188               	clrf	8	;volatile
   545  0047  0189               	clrf	9	;volatile
   546  0048                     l785:
   547  0048  3001               	movlw	1
   548  0049  1683               	bsf	3,5	;RP0=1, select bank1
   549  004A  1303               	bcf	3,6	;RP1=0, select bank1
   550  004B  0085               	movwf	5	;volatile
   551  004C                     l787:
   552  004C  0186               	clrf	6	;volatile
   553  004D                     l789:
   554  004D  1409               	bsf	9,0	;volatile
   555  004E                     l791:
   556  004E  1489               	bsf	9,1	;volatile
   557  004F                     l793:
   558  004F  0188               	clrf	8	;volatile
   559  0050                     l795:
   560  0050  1283               	bcf	3,5	;RP0=0, select bank0
   561  0051  1303               	bcf	3,6	;RP1=0, select bank0
   562  0052  0185               	clrf	5	;volatile
   563  0053                     l797:
   564  0053  0186               	clrf	6	;volatile
   565  0054                     l799:
   566  0054  0188               	clrf	8	;volatile
   567  0055                     l801:
   568  0055  0189               	clrf	9	;volatile
   569  0056                     l803:
   570  0056  01F3               	clrf	spiInit@sDataSample
   571  0057  01F4               	clrf	spiInit@sClockIdle
   572  0058  01F5               	clrf	spiInit@sTransmitEdge
   573  0059  3024               	movlw	36
   574  005A  120A  118A  2069  120A  118A  	fcall	_spiInit
   575  005F                     l805:
   576  005F  178B               	bsf	11,7	;volatile
   577  0060                     l807:
   578  0060  170B               	bsf	11,6	;volatile
   579  0061                     l809:
   580  0061  1283               	bcf	3,5	;RP0=0, select bank0
   581  0062  1303               	bcf	3,6	;RP1=0, select bank0
   582  0063  118C               	bcf	12,3	;volatile
   583  0064                     l811:
   584  0064  1683               	bsf	3,5	;RP0=1, select bank1
   585  0065  1303               	bcf	3,6	;RP1=0, select bank1
   586  0066  158C               	bsf	12,3	;volatile
   587  0067                     l813:
   588  0067  1685               	bsf	5,5	;volatile
   589  0068                     l65:
   590  0068  0008               	return
   591  0069                     __end_of_setup:
   592                           
   593                           	psect	text2
   594  0069                     __ptext2:	
   595 ;; *************** function _spiInit *****************
   596 ;; Defined at:
   597 ;;		line 12 in file "SPI.c"
   598 ;; Parameters:    Size  Location     Type
   599 ;;  sType           1    wreg     enum E1264
   600 ;;  sDataSample     1    3[COMMON] enum E1272
   601 ;;  sClockIdle      1    4[COMMON] enum E1276
   602 ;;  sTransmitEdg    1    5[COMMON] enum E1280
   603 ;; Auto vars:     Size  Location     Type
   604 ;;  sType           1    6[COMMON] enum E1264
   605 ;; Return value:  Size  Location     Type
   606 ;;                  1    wreg      void 
   607 ;; Registers used:
   608 ;;		wreg, status,2, status,0
   609 ;; Tracked objects:
   610 ;;		On entry : 0/0
   611 ;;		On exit  : 0/0
   612 ;;		Unchanged: 0/0
   613 ;; Data sizes:     COMMON   BANK0   BANK1   BANK3   BANK2
   614 ;;      Params:         3       0       0       0       0
   615 ;;      Locals:         1       0       0       0       0
   616 ;;      Temps:          0       0       0       0       0
   617 ;;      Totals:         4       0       0       0       0
   618 ;;Total ram usage:        4 bytes
   619 ;; Hardware stack levels used:    1
   620 ;; Hardware stack levels required when called:    2
   621 ;; This function calls:
   622 ;;		Nothing
   623 ;; This function is called by:
   624 ;;		_setup
   625 ;; This function uses a non-reentrant model
   626 ;;
   627                           
   628                           
   629                           ;psect for function _spiInit
   630  0069                     _spiInit:
   631                           
   632                           ;incstack = 0
   633                           ; Regs used in _spiInit: [wreg+status,2+status,0]
   634                           ;spiInit@sType stored from wreg
   635  0069  00F6               	movwf	spiInit@sType
   636  006A                     l773:
   637                           
   638                           ;SPI.c: 12: void spiInit(Spi_Type sType, Spi_Data_Sample sDataSample, Spi_Clock_Idle sCl
      +                          ockIdle, Spi_Transmit_Edge sTransmitEdge);SPI.c: 13: {;SPI.c: 14:     TRISC5 = 0;
   639  006A  1683               	bsf	3,5	;RP0=1, select bank1
   640  006B  1303               	bcf	3,6	;RP1=0, select bank1
   641  006C  1287               	bcf	7,5	;volatile
   642                           
   643                           ;SPI.c: 15:     if(sType & 0b00000100)
   644  006D  1D76               	btfss	spiInit@sType,2
   645  006E  2870               	goto	u81
   646  006F  2871               	goto	u80
   647  0070                     u81:
   648  0070  2875               	goto	l779
   649  0071                     u80:
   650  0071                     l775:
   651                           
   652                           ;SPI.c: 16:     {;SPI.c: 17:         SSPSTAT = sTransmitEdge;
   653  0071  0875               	movf	spiInit@sTransmitEdge,w
   654  0072  0094               	movwf	20	;volatile
   655  0073                     l777:
   656                           
   657                           ;SPI.c: 18:         TRISC3 = 1;
   658  0073  1587               	bsf	7,3	;volatile
   659                           
   660                           ;SPI.c: 19:     }
   661  0074  2879               	goto	l81
   662  0075                     l779:
   663                           
   664                           ;SPI.c: 21:     {;SPI.c: 22:         SSPSTAT = sDataSample | sTransmitEdge;
   665  0075  0873               	movf	spiInit@sDataSample,w
   666  0076  0475               	iorwf	spiInit@sTransmitEdge,w
   667  0077  0094               	movwf	20	;volatile
   668  0078                     l781:
   669                           
   670                           ;SPI.c: 23:         TRISC3 = 0;
   671  0078  1187               	bcf	7,3	;volatile
   672  0079                     l81:	
   673                           ;SPI.c: 24:     }
   674                           
   675                           
   676                           ;SPI.c: 26:     SSPCON = sType | sClockIdle;
   677  0079  0876               	movf	spiInit@sType,w
   678  007A  0474               	iorwf	spiInit@sClockIdle,w
   679  007B  1283               	bcf	3,5	;RP0=0, select bank0
   680  007C  1303               	bcf	3,6	;RP1=0, select bank0
   681  007D  0094               	movwf	20	;volatile
   682  007E                     l82:
   683  007E  0008               	return
   684  007F                     __end_of_spiInit:
   685                           
   686                           	psect	text3
   687  007F                     __ptext3:	
   688 ;; *************** function _isr *****************
   689 ;; Defined at:
   690 ;;		line 42 in file "main.c"
   691 ;; Parameters:    Size  Location     Type
   692 ;;		None
   693 ;; Auto vars:     Size  Location     Type
   694 ;;		None
   695 ;; Return value:  Size  Location     Type
   696 ;;                  1    wreg      void 
   697 ;; Registers used:
   698 ;;		wreg, status,2, status,0, pclath, cstack
   699 ;; Tracked objects:
   700 ;;		On entry : 0/0
   701 ;;		On exit  : 0/0
   702 ;;		Unchanged: 0/0
   703 ;; Data sizes:     COMMON   BANK0   BANK1   BANK3   BANK2
   704 ;;      Params:         0       0       0       0       0
   705 ;;      Locals:         0       0       0       0       0
   706 ;;      Temps:          2       0       0       0       0
   707 ;;      Totals:         2       0       0       0       0
   708 ;;Total ram usage:        2 bytes
   709 ;; Hardware stack levels used:    1
   710 ;; Hardware stack levels required when called:    1
   711 ;; This function calls:
   712 ;;		_spiWrite
   713 ;; This function is called by:
   714 ;;		Interrupt level 1
   715 ;; This function uses a non-reentrant model
   716 ;;
   717                           
   718                           
   719                           ;psect for function _isr
   720  007F                     _isr:
   721  007F                     i1l737:
   722                           
   723                           ;main.c: 43:                 contador = contador - 1;
   724  007F  1283               	bcf	3,5	;RP0=0, select bank0
   725  0080  1303               	bcf	3,6	;RP1=0, select bank0
   726  0081  1D8C               	btfss	12,3	;volatile
   727  0082  2884               	goto	u3_21
   728  0083  2885               	goto	u3_20
   729  0084                     u3_21:
   730  0084  288E               	goto	i1l46
   731  0085                     u3_20:
   732  0085                     i1l739:
   733                           
   734                           ;main.c: 45: 
   735  0085  0877               	movf	_contador,w
   736  0086  120A  118A  2095  120A  118A  	fcall	_spiWrite
   737  008B                     i1l741:
   738                           
   739                           ;main.c: 46:             }
   740  008B  1283               	bcf	3,5	;RP0=0, select bank0
   741  008C  1303               	bcf	3,6	;RP1=0, select bank0
   742  008D  118C               	bcf	12,3	;volatile
   743  008E                     i1l46:
   744  008E  0872               	movf	??_isr+1,w
   745  008F  008A               	movwf	10
   746  0090  0E71               	swapf	??_isr,w
   747  0091  0083               	movwf	3
   748  0092  0EFE               	swapf	btemp,f
   749  0093  0E7E               	swapf	btemp,w
   750  0094  0009               	retfie
   751  0095                     __end_of_isr:
   752                           
   753                           	psect	intentry
   754  0004                     __pintentry:	
   755                           ;incstack = 0
   756                           ; Regs used in _isr: [wreg+status,2+status,0+pclath+cstack]
   757                           
   758  0004                     interrupt_function:
   759  007E                     saved_w	set	btemp
   760  0004  00FE               	movwf	btemp
   761  0005  0E03               	swapf	3,w
   762  0006  00F1               	movwf	??_isr
   763  0007  080A               	movf	10,w
   764  0008  00F2               	movwf	??_isr+1
   765  0009  120A  118A  287F   	ljmp	_isr
   766                           
   767                           	psect	text4
   768  0095                     __ptext4:	
   769 ;; *************** function _spiWrite *****************
   770 ;; Defined at:
   771 ;;		line 34 in file "SPI.c"
   772 ;; Parameters:    Size  Location     Type
   773 ;;  dat             1    wreg     unsigned char 
   774 ;; Auto vars:     Size  Location     Type
   775 ;;  dat             1    0[COMMON] unsigned char 
   776 ;; Return value:  Size  Location     Type
   777 ;;                  1    wreg      void 
   778 ;; Registers used:
   779 ;;		wreg
   780 ;; Tracked objects:
   781 ;;		On entry : 0/0
   782 ;;		On exit  : 0/0
   783 ;;		Unchanged: 0/0
   784 ;; Data sizes:     COMMON   BANK0   BANK1   BANK3   BANK2
   785 ;;      Params:         0       0       0       0       0
   786 ;;      Locals:         1       0       0       0       0
   787 ;;      Temps:          0       0       0       0       0
   788 ;;      Totals:         1       0       0       0       0
   789 ;;Total ram usage:        1 bytes
   790 ;; Hardware stack levels used:    1
   791 ;; This function calls:
   792 ;;		Nothing
   793 ;; This function is called by:
   794 ;;		_isr
   795 ;; This function uses a non-reentrant model
   796 ;;
   797                           
   798                           
   799                           ;psect for function _spiWrite
   800  0095                     _spiWrite:
   801                           
   802                           ;incstack = 0
   803                           ; Regs used in _spiWrite: [wreg]
   804                           ;spiWrite@dat stored from wreg
   805  0095  00F0               	movwf	spiWrite@dat
   806  0096                     i1l701:
   807                           
   808                           ;SPI.c: 34: void spiWrite(char dat);SPI.c: 35: {;SPI.c: 36:     SSPBUF = dat;
   809  0096  0870               	movf	spiWrite@dat,w
   810  0097  1283               	bcf	3,5	;RP0=0, select bank0
   811  0098  1303               	bcf	3,6	;RP1=0, select bank0
   812  0099  0093               	movwf	19	;volatile
   813  009A                     i1l91:
   814  009A  0008               	return
   815  009B                     __end_of_spiWrite:
   816  007E                     btemp	set	126	;btemp
   817  007E                     wtemp0	set	126
   818                           
   819                           	psect	config
   820                           
   821                           ;Config register CONFIG1 @ 0x2007
   822                           ;	Oscillator Selection bits
   823                           ;	FOSC = HS, HS oscillator: High-speed crystal/resonator on RA6/OSC2/CLKOUT and RA7/OSC1
      +                          /CLKIN
   824                           ;	Watchdog Timer Enable bit
   825                           ;	WDTE = OFF, WDT disabled and can be enabled by SWDTEN bit of the WDTCON register
   826                           ;	Power-up Timer Enable bit
   827                           ;	PWRTE = OFF, PWRT disabled
   828                           ;	RE3/MCLR pin function select bit
   829                           ;	MCLRE = OFF, RE3/MCLR pin function is digital input, MCLR internally tied to VDD
   830                           ;	Code Protection bit
   831                           ;	CP = OFF, Program memory code protection is disabled
   832                           ;	Data Code Protection bit
   833                           ;	CPD = OFF, Data memory code protection is disabled
   834                           ;	Brown Out Reset Selection bits
   835                           ;	BOREN = ON, BOR enabled
   836                           ;	Internal External Switchover bit
   837                           ;	IESO = OFF, Internal/External Switchover mode is disabled
   838                           ;	Fail-Safe Clock Monitor Enabled bit
   839                           ;	FCMEN = OFF, Fail-Safe Clock Monitor is disabled
   840                           ;	Low Voltage Programming Enable bit
   841                           ;	LVP = OFF, RB3 pin has digital I/O, HV on MCLR must be used for programming
   842                           ;	In-Circuit Debugger Mode bit
   843                           ;	DEBUG = 0x1, unprogrammed default
   844  2007                     	org	8199
   845  2007  23D2               	dw	9170
   846                           
   847                           ;Config register CONFIG2 @ 0x2008
   848                           ;	Brown-out Reset Selection bit
   849                           ;	BOR4V = BOR40V, Brown-out Reset set to 4.0V
   850                           ;	Flash Program Memory Self Write Enable bits
   851                           ;	WRT = OFF, Write protection off
   852  2008                     	org	8200
   853  2008  3FFF               	dw	16383

Data Sizes:
    Strings     0
    Constant    0
    Data        0
    BSS         2
    Persistent  0
    Stack       0

Auto Spaces:
    Space          Size  Autos    Used
    COMMON           14      7       9
    BANK0            80      0       0
    BANK1            80      0       0
    BANK3            96      0       0
    BANK2            96      0       0

Pointer List with Targets:

    None.

Critical Paths under _main in COMMON

    _setup->_spiInit

Critical Paths under _isr in COMMON

    _isr->_spiWrite

Critical Paths under _main in BANK0

    None.

Critical Paths under _isr in BANK0

    None.

Critical Paths under _main in BANK1

    None.

Critical Paths under _isr in BANK1

    None.

Critical Paths under _main in BANK3

    None.

Critical Paths under _isr in BANK3

    None.

Critical Paths under _main in BANK2

    None.

Critical Paths under _isr in BANK2

    None.

Call Graph Tables:

 ---------------------------------------------------------------------------------
 (Depth) Function   	        Calls       Base Space   Used Autos Params    Refs
 ---------------------------------------------------------------------------------
 (0) _main                                                 0     0      0     360
                              _setup
 ---------------------------------------------------------------------------------
 (1) _setup                                                0     0      0     360
                            _spiInit
 ---------------------------------------------------------------------------------
 (2) _spiInit                                              4     1      3     360
                                              3 COMMON     4     1      3
 ---------------------------------------------------------------------------------
 Estimated maximum stack depth 2
 ---------------------------------------------------------------------------------
 (Depth) Function   	        Calls       Base Space   Used Autos Params    Refs
 ---------------------------------------------------------------------------------
 (3) _isr                                                  2     2      0      15
                                              1 COMMON     2     2      0
                           _spiWrite
 ---------------------------------------------------------------------------------
 (4) _spiWrite                                             1     1      0      15
                                              0 COMMON     1     1      0
 ---------------------------------------------------------------------------------
 Estimated maximum stack depth 4
 ---------------------------------------------------------------------------------

 Call Graph Graphs:

 _main (ROOT)
   _setup
     _spiInit

 _isr (ROOT)
   _spiWrite

 Address spaces:
Name               Size   Autos  Total    Cost      Usage
BITCOMMON            E      0       0       0        0.0%
EEDATA             100      0       0       0        0.0%
NULL                 0      0       0       0        0.0%
CODE                 0      0       0       0        0.0%
COMMON               E      7       9       1       64.3%
BITSFR0              0      0       0       1        0.0%
SFR0                 0      0       0       1        0.0%
BITSFR1              0      0       0       2        0.0%
SFR1                 0      0       0       2        0.0%
STACK                0      0       0       2        0.0%
ABS                  0      0       9       3        0.0%
BITBANK0            50      0       0       4        0.0%
BITSFR3              0      0       0       4        0.0%
SFR3                 0      0       0       4        0.0%
BANK0               50      0       0       5        0.0%
BITSFR2              0      0       0       5        0.0%
SFR2                 0      0       0       5        0.0%
BITBANK1            50      0       0       6        0.0%
BANK1               50      0       0       7        0.0%
BITBANK3            60      0       0       8        0.0%
BANK3               60      0       0       9        0.0%
BITBANK2            60      0       0      10        0.0%
BANK2               60      0       0      11        0.0%
DATA                 0      0       9      12        0.0%


Microchip Technology PIC Macro Assembler V2.31 build 20201012212115 
Symbol Table                                                                                   Tue Feb 23 02:02:28 2021

            _SSPSTATbits 0094                       l53 0020                       l81 0079  
                     l65 0068                       l57 0032                       l82 007E  
                     u80 0071                       u81 0070                       u90 0020  
                     u91 001F                      l801 0055                      l811 0064  
                    l803 0056                      l813 0067                      l805 005F  
                    l821 0024                      l807 0060                      l831 003E  
                    l823 002C                      l815 0015                      l809 0061  
                    l825 002E                      l817 001A                      l781 0078  
                    l773 006A                      l829 0036                      l775 0071  
                    l791 004E                      l783 0044                      l777 0073  
                    l793 004F                      l785 0048                      l779 0075  
                    l795 0050                      l787 004C                      l797 0053  
                    l789 004D                      l799 0054                      u100 0024  
                    u101 0023                      u110 0032                      u111 0031  
                    u120 0036                      u121 0035                      _isr 007F  
                   ?_isr 0070                     i1l46 008E                     i1l91 009A  
                   u3_20 0085                     u3_21 0084                     _main 0015  
                   btemp 007E                     start 000C                    ??_isr 0071  
                  ?_main 0070                    _ANSEL 0188                    i1l701 0096  
                  i1l741 008B                    i1l737 007F                    i1l739 0085  
                  _PORTA 0005                    _PORTB 0006                    _PORTD 0008  
                  _PORTE 0009                    _TRISA 0085                    _TRISB 0086  
                  _TRISD 0088                    _SSPIF 0063                    _setup 0044  
                  pclath 000A          __end_of_spiInit 007F                    status 0003  
                  wtemp0 007E          __initialization 000F             __end_of_main 0044  
                 ??_main 0077                   ?_setup 0070                   _ANSELH 0189  
                 _TRISC3 043B                   _TRISC5 043D                   _SSPCON 0014  
                 _SSPBUF 0013                   saved_w 007E         __end_of_spiWrite 009B  
              ??_spiInit 0076  __end_of__initialization 0011           __pcstackCOMMON 0070  
          __end_of_setup 0069                  ??_setup 0077               __pmaintext 0015  
             __pintentry 0004                  _SSPSTAT 0094                ?_spiWrite 0070  
                __ptext1 0044                  __ptext2 0069                  __ptext3 007F  
                __ptext4 0095             __size_of_isr 0016                  _spiInit 0069  
   end_of_initialization 0011               ??_spiWrite 0070                _PORTEbits 0009  
              _TRISAbits 0085                _TRISEbits 0089              spiWrite@dat 0070  
    start_initialization 000F              __end_of_isr 0095              __pbssCOMMON 0077  
              ___latbits 0002        __size_of_spiWrite 0006                 ?_spiInit 0073  
         __size_of_setup 0025     spiInit@sTransmitEdge 0075        interrupt_function 0004  
               _PIE1bits 008C       spiInit@sDataSample 0073                 _PIR1bits 000C  
       __size_of_spiInit 0016                 _contador 0077            __size_of_main 002F  
               _spiWrite 0095             spiInit@sType 0076        spiInit@sClockIdle 0074  
             _INTCONbits 000B                 intlevel1 0000  
