

Microchip MPLAB XC8 Assembler V2.31 build 20201012212115 
                                                                                               Sat Mar 06 01:17:23 2021

Microchip MPLAB XC8 C Compiler v2.31 (Free license) build 20201012212115 Og1 
     1                           	processor	16F887
     2                           	pagewidth 120
     3                           	opt	flic
     4                           	psect	cinit,global,class=CODE,merge=1,delta=2
     5                           	psect	cstackCOMMON,global,class=COMMON,space=1,delta=1,noexec
     6                           	psect	maintext,global,class=CODE,split=1,delta=2
     7                           	dabs	1,0x7E,2
     8  0000                     
     9                           ; Version 2.20
    10                           ; Generated 12/02/2020 GMT
    11                           ; 
    12                           ; Copyright © 2020, Microchip Technology Inc. and its subsidiaries ("Microchip")
    13                           ; All rights reserved.
    14                           ; 
    15                           ; This software is developed by Microchip Technology Inc. and its subsidiaries ("Microch
      +                          ip").
    16                           ; 
    17                           ; Redistribution and use in source and binary forms, with or without modification, are
    18                           ; permitted provided that the following conditions are met:
    19                           ; 
    20                           ;     1. Redistributions of source code must retain the above copyright notice, this lis
      +                          t of
    21                           ;        conditions and the following disclaimer.
    22                           ; 
    23                           ;     2. Redistributions in binary form must reproduce the above copyright notice, this 
      +                          list
    24                           ;        of conditions and the following disclaimer in the documentation and/or other
    25                           ;        materials provided with the distribution.
    26                           ; 
    27                           ;     3. Microchip's name may not be used to endorse or promote products derived from th
      +                          is
    28                           ;        software without specific prior written permission.
    29                           ; 
    30                           ; THIS SOFTWARE IS PROVIDED BY MICROCHIP "AS IS" AND ANY EXPRESS OR IMPLIED WARRANTIES,
    31                           ; INCLUDING, BUT NOT LIMITED TO, THE IMPLIED WARRANTIES OF MERCHANTABILITY AND FITNESS F
      +                          OR
    32                           ; PURPOSE ARE DISCLAIMED.  IN NO EVENT SHALL MICROCHIP BE LIABLE FOR ANY DIRECT, INDIREC
      +                          T,
    33                           ; INCIDENTAL, SPECIAL, EXEMPLARY, OR CONSEQUENTIAL DAMAGES (INCLUDING BUT NOT LIMITED TO
    34                           ; PROCUREMENT OF SUBSTITUTE GOODS OR SERVICES; LOSS OF USE, DATA OR PROFITS; OR BUSINESS
    35                           ; INTERRUPTION) HOWSOEVER CAUSED AND ON ANY THEORY OF LIABILITY, WHETHER IN CONTRACT, ST
      +                          RICT
    36                           ; LIABILITY, OR TORT (INCLUDING NEGLIGENCE OR OTHERWISE) ARISING IN ANY WAY OUT OF THE U
      +                          SE OF
    37                           ; THIS SOFTWARE, EVEN IF ADVISED OF THE POSSIBILITY OF SUCH DAMAGE.
    38                           ; 
    39                           ; 
    40                           ; Code-generator required, PIC16F887 Definitions
    41                           ; 
    42                           ; SFR Addresses
    43  0000                     	;# 
    44  0001                     	;# 
    45  0002                     	;# 
    46  0003                     	;# 
    47  0004                     	;# 
    48  0005                     	;# 
    49  0006                     	;# 
    50  0007                     	;# 
    51  0008                     	;# 
    52  0009                     	;# 
    53  000A                     	;# 
    54  000B                     	;# 
    55  000C                     	;# 
    56  000D                     	;# 
    57  000E                     	;# 
    58  000E                     	;# 
    59  000F                     	;# 
    60  0010                     	;# 
    61  0011                     	;# 
    62  0012                     	;# 
    63  0013                     	;# 
    64  0014                     	;# 
    65  0015                     	;# 
    66  0015                     	;# 
    67  0016                     	;# 
    68  0017                     	;# 
    69  0018                     	;# 
    70  0019                     	;# 
    71  001A                     	;# 
    72  001B                     	;# 
    73  001B                     	;# 
    74  001C                     	;# 
    75  001D                     	;# 
    76  001E                     	;# 
    77  001F                     	;# 
    78  0081                     	;# 
    79  0085                     	;# 
    80  0086                     	;# 
    81  0087                     	;# 
    82  0088                     	;# 
    83  0089                     	;# 
    84  008C                     	;# 
    85  008D                     	;# 
    86  008E                     	;# 
    87  008F                     	;# 
    88  0090                     	;# 
    89  0091                     	;# 
    90  0092                     	;# 
    91  0093                     	;# 
    92  0093                     	;# 
    93  0093                     	;# 
    94  0094                     	;# 
    95  0095                     	;# 
    96  0096                     	;# 
    97  0097                     	;# 
    98  0098                     	;# 
    99  0099                     	;# 
   100  009A                     	;# 
   101  009B                     	;# 
   102  009C                     	;# 
   103  009D                     	;# 
   104  009E                     	;# 
   105  009F                     	;# 
   106  0105                     	;# 
   107  0107                     	;# 
   108  0108                     	;# 
   109  0109                     	;# 
   110  010C                     	;# 
   111  010C                     	;# 
   112  010D                     	;# 
   113  010E                     	;# 
   114  010F                     	;# 
   115  0185                     	;# 
   116  0187                     	;# 
   117  0188                     	;# 
   118  0189                     	;# 
   119  018C                     	;# 
   120  018D                     	;# 
   121  0000                     	;# 
   122  0001                     	;# 
   123  0002                     	;# 
   124  0003                     	;# 
   125  0004                     	;# 
   126  0005                     	;# 
   127  0006                     	;# 
   128  0007                     	;# 
   129  0008                     	;# 
   130  0009                     	;# 
   131  000A                     	;# 
   132  000B                     	;# 
   133  000C                     	;# 
   134  000D                     	;# 
   135  000E                     	;# 
   136  000E                     	;# 
   137  000F                     	;# 
   138  0010                     	;# 
   139  0011                     	;# 
   140  0012                     	;# 
   141  0013                     	;# 
   142  0014                     	;# 
   143  0015                     	;# 
   144  0015                     	;# 
   145  0016                     	;# 
   146  0017                     	;# 
   147  0018                     	;# 
   148  0019                     	;# 
   149  001A                     	;# 
   150  001B                     	;# 
   151  001B                     	;# 
   152  001C                     	;# 
   153  001D                     	;# 
   154  001E                     	;# 
   155  001F                     	;# 
   156  0081                     	;# 
   157  0085                     	;# 
   158  0086                     	;# 
   159  0087                     	;# 
   160  0088                     	;# 
   161  0089                     	;# 
   162  008C                     	;# 
   163  008D                     	;# 
   164  008E                     	;# 
   165  008F                     	;# 
   166  0090                     	;# 
   167  0091                     	;# 
   168  0092                     	;# 
   169  0093                     	;# 
   170  0093                     	;# 
   171  0093                     	;# 
   172  0094                     	;# 
   173  0095                     	;# 
   174  0096                     	;# 
   175  0097                     	;# 
   176  0098                     	;# 
   177  0099                     	;# 
   178  009A                     	;# 
   179  009B                     	;# 
   180  009C                     	;# 
   181  009D                     	;# 
   182  009E                     	;# 
   183  009F                     	;# 
   184  0105                     	;# 
   185  0107                     	;# 
   186  0108                     	;# 
   187  0109                     	;# 
   188  010C                     	;# 
   189  010C                     	;# 
   190  010D                     	;# 
   191  010E                     	;# 
   192  010F                     	;# 
   193  0185                     	;# 
   194  0187                     	;# 
   195  0188                     	;# 
   196  0189                     	;# 
   197  018C                     	;# 
   198  018D                     	;# 
   199  0000                     	;# 
   200  0001                     	;# 
   201  0002                     	;# 
   202  0003                     	;# 
   203  0004                     	;# 
   204  0005                     	;# 
   205  0006                     	;# 
   206  0007                     	;# 
   207  0008                     	;# 
   208  0009                     	;# 
   209  000A                     	;# 
   210  000B                     	;# 
   211  000C                     	;# 
   212  000D                     	;# 
   213  000E                     	;# 
   214  000E                     	;# 
   215  000F                     	;# 
   216  0010                     	;# 
   217  0011                     	;# 
   218  0012                     	;# 
   219  0013                     	;# 
   220  0014                     	;# 
   221  0015                     	;# 
   222  0015                     	;# 
   223  0016                     	;# 
   224  0017                     	;# 
   225  0018                     	;# 
   226  0019                     	;# 
   227  001A                     	;# 
   228  001B                     	;# 
   229  001B                     	;# 
   230  001C                     	;# 
   231  001D                     	;# 
   232  001E                     	;# 
   233  001F                     	;# 
   234  0081                     	;# 
   235  0085                     	;# 
   236  0086                     	;# 
   237  0087                     	;# 
   238  0088                     	;# 
   239  0089                     	;# 
   240  008C                     	;# 
   241  008D                     	;# 
   242  008E                     	;# 
   243  008F                     	;# 
   244  0090                     	;# 
   245  0091                     	;# 
   246  0092                     	;# 
   247  0093                     	;# 
   248  0093                     	;# 
   249  0093                     	;# 
   250  0094                     	;# 
   251  0095                     	;# 
   252  0096                     	;# 
   253  0097                     	;# 
   254  0098                     	;# 
   255  0099                     	;# 
   256  009A                     	;# 
   257  009B                     	;# 
   258  009C                     	;# 
   259  009D                     	;# 
   260  009E                     	;# 
   261  009F                     	;# 
   262  0105                     	;# 
   263  0107                     	;# 
   264  0108                     	;# 
   265  0109                     	;# 
   266  010C                     	;# 
   267  010C                     	;# 
   268  010D                     	;# 
   269  010E                     	;# 
   270  010F                     	;# 
   271  0185                     	;# 
   272  0187                     	;# 
   273  0188                     	;# 
   274  0189                     	;# 
   275  018C                     	;# 
   276  018D                     	;# 
   277  0000                     	;# 
   278  0001                     	;# 
   279  0002                     	;# 
   280  0003                     	;# 
   281  0004                     	;# 
   282  0005                     	;# 
   283  0006                     	;# 
   284  0007                     	;# 
   285  0008                     	;# 
   286  0009                     	;# 
   287  000A                     	;# 
   288  000B                     	;# 
   289  000C                     	;# 
   290  000D                     	;# 
   291  000E                     	;# 
   292  000E                     	;# 
   293  000F                     	;# 
   294  0010                     	;# 
   295  0011                     	;# 
   296  0012                     	;# 
   297  0013                     	;# 
   298  0014                     	;# 
   299  0015                     	;# 
   300  0015                     	;# 
   301  0016                     	;# 
   302  0017                     	;# 
   303  0018                     	;# 
   304  0019                     	;# 
   305  001A                     	;# 
   306  001B                     	;# 
   307  001B                     	;# 
   308  001C                     	;# 
   309  001D                     	;# 
   310  001E                     	;# 
   311  001F                     	;# 
   312  0081                     	;# 
   313  0085                     	;# 
   314  0086                     	;# 
   315  0087                     	;# 
   316  0088                     	;# 
   317  0089                     	;# 
   318  008C                     	;# 
   319  008D                     	;# 
   320  008E                     	;# 
   321  008F                     	;# 
   322  0090                     	;# 
   323  0091                     	;# 
   324  0092                     	;# 
   325  0093                     	;# 
   326  0093                     	;# 
   327  0093                     	;# 
   328  0094                     	;# 
   329  0095                     	;# 
   330  0096                     	;# 
   331  0097                     	;# 
   332  0098                     	;# 
   333  0099                     	;# 
   334  009A                     	;# 
   335  009B                     	;# 
   336  009C                     	;# 
   337  009D                     	;# 
   338  009E                     	;# 
   339  009F                     	;# 
   340  0105                     	;# 
   341  0107                     	;# 
   342  0108                     	;# 
   343  0109                     	;# 
   344  010C                     	;# 
   345  010C                     	;# 
   346  010D                     	;# 
   347  010E                     	;# 
   348  010F                     	;# 
   349  0185                     	;# 
   350  0187                     	;# 
   351  0188                     	;# 
   352  0189                     	;# 
   353  018C                     	;# 
   354  018D                     	;# 
   355  0019                     _TXREG	set	25
   356  001A                     _RCREG	set	26
   357  0013                     _SSPBUF	set	19
   358  0014                     _SSPCON	set	20
   359  0065                     _RCIF	set	101
   360  0063                     _SSPIF	set	99
   361  005E                     _PEIE	set	94
   362  005F                     _GIE	set	95
   363  0091                     _SSPCON2bits	set	145
   364  0087                     _TRISCbits	set	135
   365  0094                     _SSPSTAT	set	148
   366  0093                     _SSPADD	set	147
   367  0091                     _SSPCON2	set	145
   368  04C1                     _TRMT	set	1217
   369  0463                     _SSPIE	set	1123
   370  043C                     _TRISC4	set	1084
   371  043B                     _TRISC3	set	1083
   372                           
   373                           	psect	cinit
   374  07FC                     start_initialization:	
   375                           ; #config settings
   376                           
   377  07FC                     __initialization:
   378  07FC                     end_of_initialization:	
   379                           ;End of C runtime variable initialization code
   380                           
   381  07FC                     __end_of__initialization:
   382  07FC  0183               	clrf	3
   383  07FD  120A  118A  2FF9   	ljmp	_main	;jump to C main() function
   384                           
   385                           	psect	cstackCOMMON
   386  0000                     __pcstackCOMMON:
   387  0000                     ?_main:
   388  0000                     ??_main:	
   389                           ; 1 bytes @ 0x0
   390                           
   391                           
   392                           	psect	maintext
   393  07F9                     __pmaintext:	
   394                           ; 1 bytes @ 0x0
   395 ;;
   396 ;;Main: autosize = 0, tempsize = 0, incstack = 0, save=0
   397 ;;
   398 ;; *************** function _main *****************
   399 ;; Defined at:
   400 ;;		line 11 in file "main.c"
   401 ;; Parameters:    Size  Location     Type
   402 ;;		None
   403 ;; Auto vars:     Size  Location     Type
   404 ;;		None
   405 ;; Return value:  Size  Location     Type
   406 ;;                  1    wreg      void 
   407 ;; Registers used:
   408 ;;		None
   409 ;; Tracked objects:
   410 ;;		On entry : B00/0
   411 ;;		On exit  : 0/0
   412 ;;		Unchanged: 0/0
   413 ;; Data sizes:     COMMON   BANK0   BANK1   BANK3   BANK2
   414 ;;      Params:         0       0       0       0       0
   415 ;;      Locals:         0       0       0       0       0
   416 ;;      Temps:          0       0       0       0       0
   417 ;;      Totals:         0       0       0       0       0
   418 ;;Total ram usage:        0 bytes
   419 ;; This function calls:
   420 ;;		Nothing
   421 ;; This function is called by:
   422 ;;		Startup code after reset
   423 ;; This function uses a non-reentrant model
   424 ;;
   425                           
   426                           
   427                           ;psect for function _main
   428  07F9                     _main:
   429  07F9                     l686:	
   430                           ;incstack = 0
   431                           ; Regs used in _main: []
   432                           
   433  07F9                     l5:	
   434                           ;main.c: 12:     return;
   435                           
   436  07F9  120A  118A  2800   	ljmp	start
   437  07FC                     __end_of_main:
   438  007E                     btemp	set	126	;btemp
   439  007E                     wtemp0	set	126

Data Sizes:
    Strings     0
    Constant    0
    Data        0
    BSS         0
    Persistent  0
    Stack       0

Auto Spaces:
    Space          Size  Autos    Used
    COMMON           14      0       0
    BANK0            80      0       0
    BANK1            80      0       0
    BANK3            96      0       0
    BANK2            96      0       0

Pointer List with Targets:

    None.

Critical Paths under _main in COMMON

    None.

Critical Paths under _main in BANK0

    None.

Critical Paths under _main in BANK1

    None.

Critical Paths under _main in BANK3

    None.

Critical Paths under _main in BANK2

    None.

Call Graph Tables:

 ---------------------------------------------------------------------------------
 (Depth) Function   	        Calls       Base Space   Used Autos Params    Refs
 ---------------------------------------------------------------------------------
 (0) _main                                                 0     0      0       0
 ---------------------------------------------------------------------------------
 Estimated maximum stack depth 0
 ---------------------------------------------------------------------------------

 Call Graph Graphs:

 _main (ROOT)

 Address spaces:
Name               Size   Autos  Total    Cost      Usage
BITCOMMON            E      0       0       0        0.0%
EEDATA             100      0       0       0        0.0%
NULL                 0      0       0       0        0.0%
CODE                 0      0       0       0        0.0%
COMMON               E      0       0       1        0.0%
BITSFR0              0      0       0       1        0.0%
SFR0                 0      0       0       1        0.0%
BITSFR1              0      0       0       2        0.0%
SFR1                 0      0       0       2        0.0%
STACK                0      0       0       2        0.0%
ABS                  0      0       0       3        0.0%
BITBANK0            50      0       0       4        0.0%
BITSFR3              0      0       0       4        0.0%
SFR3                 0      0       0       4        0.0%
BANK0               50      0       0       5        0.0%
BITSFR2              0      0       0       5        0.0%
SFR2                 0      0       0       5        0.0%
BITBANK1            50      0       0       6        0.0%
BANK1               50      0       0       7        0.0%
BITBANK3            60      0       0       8        0.0%
BANK3               60      0       0       9        0.0%
BITBANK2            60      0       0      10        0.0%
BANK2               60      0       0      11        0.0%
DATA                 0      0       0      12        0.0%


Microchip Technology PIC Macro Assembler V2.31 build 20201012212115 
Symbol Table                                                                                   Sat Mar 06 01:17:23 2021

                      l5 07F9                      l686 07F9                      _GIE 005F  
                   _PEIE 005E                     _RCIF 0065                     _TRMT 04C1  
                   _main 07F9                     btemp 007E                     start 0000  
                  ?_main 0000                    _RCREG 001A                    _SSPIE 0463  
                  _SSPIF 0063                    _TXREG 0019                    status 0003  
                  wtemp0 007E          __initialization 07FC             __end_of_main 07FC  
                 ??_main 0000                   _SSPADD 0093                   _TRISC3 043B  
                 _TRISC4 043C                   _SSPCON 0014                   _SSPBUF 0013  
__end_of__initialization 07FC           __pcstackCOMMON 0000               __pmaintext 07F9  
                _SSPCON2 0091                  _SSPSTAT 0094     end_of_initialization 07FC  
              _TRISCbits 0087      start_initialization 07FC                ___latbits 0002  
          __size_of_main 0003              _SSPCON2bits 0091  
